{
  "stats": {
    "mean_bic": {
      "composed": 289.8585156819406,
      "group": 293.22999800304854,
      "canonical": 304.14390243192395,
      "individual": 286.7750602413902
    },
    "composed_vs_group": {
      "wilcoxon_p": 0.03533935546875,
      "wins": 9,
      "ties": 1,
      "losses": 5,
      "mean_delta": -3.3714823211080063
    },
    "composed_vs_canonical": {
      "wilcoxon_p": 0.00537109375,
      "mean_delta": -14.285386749983342
    },
    "warnings": [
      "canonical refit BIC differs from baseline_bic for p4: 195.54 vs 203.19 (the column's producing variant is unknown)",
      "canonical refit BIC differs from baseline_bic for p6: 263.30 vs 268.38 (the column's producing variant is unknown)",
      "canonical refit BIC differs from baseline_bic for p7: 178.88 vs 184.97 (the column's producing variant is unknown)",
      "canonical refit BIC differs from baseline_bic for p8: 384.80 vs 399.94 (the column's producing variant is unknown)",
      "canonical refit BIC differs from baseline_bic for p36: 252.69 vs 261.54 (the column's producing variant is unknown)",
      "canonical refit BIC differs from baseline_bic for p38: 362.31 vs 379.80 (the column's producing variant is unknown)",
      "canonical refit BIC differs from baseline_bic for p39: 383.63 vs 391.51 (the column's producing variant is unknown)",
      "canonical refit BIC differs from baseline_bic for p41: 373.27 vs 408.89 (the column's producing variant is unknown)",
      "canonical refit BIC differs from baseline_bic for p42: 321.50 vs 330.53 (the column's producing variant is unknown)",
      "canonical refit BIC differs from baseline_bic for p43: 234.01 vs 261.82 (the column's producing variant is unknown)",
      "canonical refit BIC differs from baseline_bic for p44: 398.99 vs 404.28 (the column's producing variant is unknown)",
      "canonical refit BIC differs from baseline_bic for p47: 288.95 vs 311.89 (the column's producing variant is unknown)",
      "canonical refit BIC differs from baseline_bic for p48: 331.20 vs 353.31 (the column's producing variant is unknown)",
      "canonical refit BIC differs from baseline_bic for p50: 375.15 vs 383.23 (the column's producing variant is unknown)"
    ]
  },
  "rows": [
    {
      "set": "test",
      "participant": 4,
      "age": 18.0,
      "model": "composed",
      "n_params": 4,
      "nll": 84.61917159015273,
      "bic": 190.18411103162526,
      "seed": 616188513
    },
    {
      "set": "test",
      "participant": 6,
      "age": 25.0,
      "model": "composed",
      "n_params": 4,
      "nll": 112.69668510404601,
      "bic": 246.29635690294484,
      "seed": 4180818393
    },
    {
      "set": "test",
      "participant": 7,
      "age": 21.0,
      "model": "composed",
      "n_params": 4,
      "nll": 79.95997780193836,
      "bic": 180.86572345519653,
      "seed": 2632261471
    },
    {
      "set": "test",
      "participant": 8,
      "age": 36.0,
      "model": "composed",
      "n_params": 4,
      "nll": 184.92514060301403,
      "bic": 390.710024236464,
      "seed": 2549836650
    },
    {
      "set": "test",
      "participant": 9,
      "age": 23.0,
      "model": "composed",
      "n_params": 4,
      "nll": 96.51975388682719,
      "bic": 213.9424944685072,
      "seed": 4060587058
    },
    {
      "set": "test",
      "participant": 36,
      "age": 57.0,
      "model": "composed",
      "n_params": 4,
      "nll": 118.49481090130561,
      "bic": 257.91405627002956,
      "seed": 2920403035
    },
    {
      "set": "test",
      "participant": 38,
      "age": 79.0,
      "model": "composed",
      "n_params": 4,
      "nll": 165.84828022902812,
      "bic": 352.51258720636343,
      "seed": 2992721845
    },
    {
      "set": "test",
      "participant": 39,
      "age": 50.0,
      "model": "composed",
      "n_params": 4,
      "nll": 181.5403352713606,
      "bic": 383.8746586677845,
      "seed": 4280600168
    },
    {
      "set": "test",
      "participant": 41,
      "age": 67.0,
      "model": "composed",
      "n_params": 4,
      "nll": 172.44197076973145,
      "bic": 365.45059576547357,
      "seed": 3213671062
    },
    {
      "set": "test",
      "participant": 42,
      "age": 70.0,
      "model": "composed",
      "n_params": 4,
      "nll": 139.36621899498437,
      "bic": 299.5484647382759,
      "seed": 1737993063
    },
    {
      "set": "test",
      "participant": 43,
      "age": 78.0,
      "model": "composed",
      "n_params": 4,
      "nll": 96.97252521037737,
      "bic": 214.69459364411776,
      "seed": 2800101017
    },
    {
      "set": "test",
      "participant": 44,
      "age": 76.0,
      "model": "composed",
      "n_params": 4,
      "nll": 182.61135447019512,
      "bic": 385.9722521637533,
      "seed": 3484692815
    },
    {
      "set": "test",
      "participant": 47,
      "age": 71.0,
      "model": "composed",
      "n_params": 4,
      "nll": 121.9388532894139,
      "bic": 264.4908729568189,
      "seed": 740455581
    },
    {
      "set": "test",
      "participant": 48,
      "age": 85.0,
      "model": "composed",
      "n_params": 4,
      "nll": 138.32246890359647,
      "bic": 297.01993861042,
      "seed": 600054179
    },
    {
      "set": "test",
      "participant": 50,
      "age": 80.0,
      "model": "composed",
      "n_params": 4,
      "nll": 142.08801094497034,
      "bic": 304.4010051113339,
      "seed": 2964793850
    },
    {
      "set": "test",
      "participant": 4,
      "age": 18.0,
      "model": "group",
      "n_params": 5,
      "nll": 86.02270354598102,
      "bic": 198.2276169061118,
      "seed": 2569063859
    },
    {
      "set": "test",
      "participant": 6,
      "age": 25.0,
      "model": "group",
      "n_params": 5,
      "nll": 113.48958806320528,
      "bic": 253.10790949497655,
      "seed": 2893560193
    },
    {
      "set": "test",
      "participant": 7,
      "age": 21.0,
      "model": "group",
      "n_params": 5,
      "nll": 75.80746956527,
      "bic": 177.79714894468975,
      "seed": 4092327190
    },
    {
      "set": "test",
      "participant": 8,
      "age": 36.0,
      "model": "group",
      "n_params": 5,
      "nll": 179.8551163072695,
      "bic": 385.78491140258393,
      "seed": 3860592637
    },
    {
      "set": "test",
      "participant": 9,
      "age": 23.0,
      "model": "group",
      "n_params": 5,
      "nll": 92.66269232889577,
      "bic": 211.45411802635755,
      "seed": 2672014160
    },
    {
      "set": "test",
      "participant": 36,
      "age": 57.0,
      "model": "group",
      "n_params": 5,
      "nll": 113.58256413753651,
      "bic": 253.32067135934597,
      "seed": 1062211090
    },
    {
      "set": "test",
      "participant": 38,
      "age": 79.0,
      "model": "group",
      "n_params": 5,
      "nll": 165.2796240923291,
      "bic": 356.5792816200422,
      "seed": 2671338137
    },
    {
      "set": "test",
      "participant": 39,
      "age": 50.0,
      "model": "group",
      "n_params": 5,
      "nll": 178.7361446000354,
      "bic": 383.4647743563999,
      "seed": 3873491909
    },
    {
      "set": "test",
      "participant": 41,
      "age": 67.0,
      "model": "group",
      "n_params": 5,
      "nll": 168.4297191579102,
      "bic": 362.5677560983337,
      "seed": 467055694
    },
    {
      "set": "test",
      "participant": 42,
      "age": 70.0,
      "model": "group",
      "n_params": 5,
      "nll": 141.4402373785713,
      "bic": 308.9005081925266,
      "seed": 3546924370
    },
    {
      "set": "test",
      "participant": 43,
      "age": 78.0,
      "model": "group",
      "n_params": 5,
      "nll": 98.00435818568658,
      "bic": 221.94564540057695,
      "seed": 2805312101
    },
    {
      "set": "test",
      "participant": 44,
      "age": 76.0,
      "model": "group",
      "n_params": 5,
      "nll": 182.5674639693215,
      "bic": 391.07185696784677,
      "seed": 1666952039
    },
    {
      "set": "test",
      "participant": 47,
      "age": 71.0,
      "model": "group",
      "n_params": 5,
      "nll": 122.40853317964559,
      "bic": 270.5835243317801,
      "seed": 1265426653
    },
    {
      "set": "test",
      "participant": 48,
      "age": 85.0,
      "model": "group",
      "n_params": 5,
      "nll": 138.83252295750697,
      "bic": 303.13379691904777,
      "seed": 3472428416
    },
    {
      "set": "test",
      "participant": 50,
      "age": 80.0,
      "model": "group",
      "n_params": 5,
      "nll": 147.61461049918387,
      "bic": 320.51045002510926,
      "seed": 3355752707
    },
    {
      "set": "test",
      "participant": 4,
      "age": 18.0,
      "model": "canonical",
      "n_params": 6,
      "nll": 82.0609488686183,
      "bic": 195.54054951421628,
      "seed": 1642975206
    },
    {
      "set": "test",
      "participant": 6,
      "age": 25.0,
      "model": "canonical",
      "n_params": 6,
      "nll": 115.97133460552799,
      "bic": 263.2971492533352,
      "seed": 2875571754
    },
    {
      "set": "test",
      "participant": 7,
      "age": 21.0,
      "model": "canonical",
      "n_params": 6,
      "nll": 73.73206223691592,
      "bic": 178.88277625081153,
      "seed": 714843380
    },
    {
      "set": "test",
      "participant": 8,
      "age": 36.0,
      "model": "canonical",
      "n_params": 6,
      "nll": 176.75484620453656,
      "bic": 384.79930695472706,
      "seed": 245938398
    },
    {
      "set": "test",
      "participant": 9,
      "age": 23.0,
      "model": "canonical",
      "n_params": 6,
      "nll": 93.28654752683673,
      "bic": 217.92757509595268,
      "seed": 2825321286
    },
    {
      "set": "test",
      "participant": 36,
      "age": 57.0,
      "model": "canonical",
      "n_params": 6,
      "nll": 110.65168958347431,
      "bic": 252.69003086807612,
      "seed": 2982112542
    },
    {
      "set": "test",
      "participant": 38,
      "age": 79.0,
      "model": "canonical",
      "n_params": 6,
      "nll": 165.54463196584055,
      "bic": 362.3133040541419,
      "seed": 1500721500
    },
    {
      "set": "test",
      "participant": 39,
      "age": 50.0,
      "model": "canonical",
      "n_params": 6,
      "nll": 176.22035307242444,
      "bic": 383.63168833244384,
      "seed": 2118403357
    },
    {
      "set": "test",
      "participant": 41,
      "age": 67.0,
      "model": "canonical",
      "n_params": 6,
      "nll": 171.2117909010081,
      "bic": 373.2735631410322,
      "seed": 1120293553
    },
    {
      "set": "test",
      "participant": 42,
      "age": 70.0,
      "model": "canonical",
      "n_params": 6,
      "nll": 145.13874268699263,
      "bic": 321.50152549644605,
      "seed": 333887061
    },
    {
      "set": "test",
      "participant": 43,
      "age": 78.0,
      "model": "canonical",
      "n_params": 6,
      "nll": 101.4433629230333,
      "bic": 234.01104068111113,
      "seed": 129455322
    },
    {
      "set": "test",
      "participant": 44,
      "age": 76.0,
      "model": "canonical",
      "n_params": 6,
      "nll": 183.93443672938818,
      "bic": 398.9931882938209,
      "seed": 2301760469
    },
    {
      "set": "test",
      "participant": 47,
      "age": 71.0,
      "model": "canonical",
      "n_params": 6,
      "nll": 129.01462042282827,
      "bic": 288.94899041264324,
      "seed": 3634756170
    },
    {
      "set": "test",
      "participant": 48,
      "age": 85.0,
      "model": "canonical",
      "n_params": 6,
      "nll": 150.31932443452172,
      "bic": 331.20115007388404,
      "seed": 1750673052
    },
    {
      "set": "test",
      "participant": 50,
      "age": 80.0,
      "model": "canonical",
      "n_params": 6,
      "nll": 172.40461161206343,
      "bic": 375.14669805621674,
      "seed": 1226769656
    },
    {
      "set": "test",
      "participant": 4,
      "age": 18.0,
      "model": "individual",
      "n_params": 5,
      "nll": 83.1926814950003,
      "bic": 192.56757280415036,
      "seed": 336448744
    },
    {
      "set": "test",
      "participant": 6,
      "age": 25.0,
      "model": "individual",
      "n_params": 6,
      "nll": 91.95799874921305,
      "bic": 215.27047754070531,
      "seed": 407675911
    },
    {
      "set": "test",
      "participant": 7,
      "age": 21.0,
      "model": "individual",
      "n_params": 5,
      "nll": 73.9003752480828,
      "bic": 173.98296031031535,
      "seed": 3834893830
    },
    {
      "set": "test",
      "participant": 8,
      "age": 36.0,
      "model": "individual",
      "n_params": 5,
      "nll": 176.01658814747316,
      "bic": 378.10785508299125,
      "seed": 3003889062
    },
    {
      "set": "test",
      "participant": 9,
      "age": 23.0,
      "model": "individual",
      "n_params": 6,
      "nll": 87.37067418960024,
      "bic": 206.0958284214797,
      "seed": 2504452415
    },
    {
      "set": "test",
      "participant": 36,
      "age": 57.0,
      "model": "individual",
      "n_params": 6,
      "nll": 92.00052276876872,
      "bic": 215.38769723866494,
      "seed": 221065513
    },
    {
      "set": "test",
      "participant": 38,
      "age": 79.0,
      "model": "individual",
      "n_params": 6,
      "nll": 162.87051684566285,
      "bic": 356.9650738137865,
      "seed": 264804398
    },
    {
      "set": "test",
      "participant": 39,
      "age": 50.0,
      "model": "individual",
      "n_params": 6,
      "nll": 170.0562945741836,
      "bic": 371.30357133596215,
      "seed": 863725064
    },
    {
      "set": "test",
      "participant": 41,
      "age": 67.0,
      "model": "individual",
      "n_params": 6,
      "nll": 174.32074854275348,
      "bic": 379.49147842452294,
      "seed": 4149600329
    },
    {
      "set": "test",
      "participant": 42,
      "age": 70.0,
      "model": "individual",
      "n_params": 6,
      "nll": 144.11999737723576,
      "bic": 319.4640348769323,
      "seed": 1392082600
    },
    {
      "set": "test",
      "participant": 43,
      "age": 78.0,
      "model": "individual",
      "n_params": 5,
      "nll": 101.12969616219277,
      "bic": 228.19632135358933,
      "seed": 3158196261
    },
    {
      "set": "test",
      "participant": 44,
      "age": 76.0,
      "model": "individual",
      "n_params": 6,
      "nll": 177.64563872316938,
      "bic": 386.4155922813833,
      "seed": 545838088
    },
    {
      "set": "test",
      "participant": 47,
      "age": 71.0,
      "model": "individual",
      "n_params": 5,
      "nll": 119.0317589142507,
      "bic": 263.8299758009903,
      "seed": 3083995118
    },
    {
      "set": "test",
      "participant": 48,
      "age": 85.0,
      "model": "individual",
      "n_params": 5,
      "nll": 139.04190543546423,
      "bic": 303.5525618749623,
      "seed": 1649218930
    },
    {
      "set": "test",
      "participant": 50,
      "age": 80.0,
      "model": "individual",
      "n_params": 5,
      "nll": 142.85683671683793,
      "bic": 310.9949024604174,
      "seed": 1944579313
    }
  ]
}