{
  "stats": {
    "mean_bic": {
      "composed": 414.4206592126327,
      "group": 410.8917237577392,
      "hybrid": 404.29239118464073,
      "individual": 379.6470307285207
    },
    "composed_vs_group": {
      "wilcoxon_p": 0.785365104675293,
      "wins": 8,
      "ties": 3,
      "losses": 10,
      "mean_delta": 3.5289354548934244
    },
    "composed_vs_hybrid": {
      "wilcoxon_p": 0.22898578643798828,
      "mean_delta": 10.128268027991913
    },
    "warnings": [
      "group refit BIC differs from stored for p16: 464.07 vs 438.44",
      "group refit BIC differs from stored for p33: 532.22 vs 496.04",
      "hybrid refit BIC differs from baseline_bic for p14: 504.47 vs 516.92",
      "hybrid refit BIC differs from baseline_bic for p20: 286.25 vs 362.19",
      "hybrid refit BIC differs from baseline_bic for p27: 334.60 vs 369.78",
      "hybrid refit BIC differs from baseline_bic for p33: 484.54 vs 495.58",
      "hybrid refit BIC differs from baseline_bic for p37: 296.23 vs 322.93",
      "hybrid refit BIC differs from baseline_bic for p38: 406.68 vs 419.61",
      "hybrid refit BIC differs from baseline_bic for p39: 389.85 vs 397.45",
      "hybrid refit BIC differs from baseline_bic for p41: 402.62 vs 409.34"
    ]
  },
  "rows": [
    {
      "set": "validation",
      "participant": 4,
      "oci": 0.1833333333333333,
      "model": "composed",
      "n_params": 4,
      "nll": 116.85138154351709,
      "bic": 254.89603255322632,
      "seed": 3000542295
    },
    {
      "set": "validation",
      "participant": 5,
      "oci": 0.0333333333333333,
      "model": "composed",
      "n_params": 4,
      "nll": 198.78706640890329,
      "bic": 418.7674022839987,
      "seed": 866782727
    },
    {
      "set": "validation",
      "participant": 6,
      "oci": 0.1,
      "model": "composed",
      "n_params": 4,
      "nll": 186.73815755552135,
      "bic": 394.66958457723484,
      "seed": 1079187015
    },
    {
      "set": "validation",
      "participant": 7,
      "oci": 0.1333333333333333,
      "model": "composed",
      "n_params": 4,
      "nll": 155.2009384240671,
      "bic": 331.5951463143263,
      "seed": 1331253979
    },
    {
      "set": "validation",
      "participant": 8,
      "oci": 0.25,
      "model": "composed",
      "n_params": 4,
      "nll": 116.18119444681744,
      "bic": 253.55565835982702,
      "seed": 2188064046
    },
    {
      "set": "validation",
      "participant": 9,
      "oci": 0.3166666666666666,
      "model": "composed",
      "n_params": 4,
      "nll": 156.4640859121948,
      "bic": 334.12144129058174,
      "seed": 2198067133
    },
    {
      "set": "validation",
      "participant": 10,
      "oci": 0.1833333333333333,
      "model": "composed",
      "n_params": 4,
      "nll": 157.27250850740216,
      "bic": 335.73828648099646,
      "seed": 4257406871
    },
    {
      "set": "validation",
      "participant": 11,
      "oci": 0.2666666666666666,
      "model": "composed",
      "n_params": 4,
      "nll": 168.05613322380398,
      "bic": 357.3055359138001,
      "seed": 1434244346
    },
    {
      "set": "validation",
      "participant": 12,
      "oci": 0.1333333333333333,
      "model": "composed",
      "n_params": 4,
      "nll": 149.61765494229172,
      "bic": 320.4285793507756,
      "seed": 3350847390
    },
    {
      "set": "validation",
      "participant": 13,
      "oci": 0.25,
      "model": "composed",
      "n_params": 4,
      "nll": 154.8054530547105,
      "bic": 330.80417557561316,
      "seed": 3231766013
    },
    {
      "set": "validation",
      "participant": 4,
      "oci": 0.1833333333333333,
      "model": "group",
      "n_params": 5,
      "nll": 146.17825519610028,
      "bic": 318.8480972249407,
      "seed": 3444329379
    },
    {
      "set": "validation",
      "participant": 5,
      "oci": 0.0333333333333333,
      "model": "group",
      "n_params": 5,
      "nll": 206.74419919121647,
      "bic": 439.9799852151731,
      "seed": 3929286194
    },
    {
      "set": "validation",
      "participant": 6,
      "oci": 0.1,
      "model": "group",
      "n_params": 5,
      "nll": 191.65473527109094,
      "bic": 409.80105737492204,
      "seed": 3775566106
    },
    {
      "set": "validation",
      "participant": 7,
      "oci": 0.1333333333333333,
      "model": "group",
      "n_params": 5,
      "nll": 151.6365640035792,
      "bic": 329.7647148398986,
      "seed": 1999854036
    },
    {
      "set": "validation",
      "participant": 8,
      "oci": 0.25,
      "model": "group",
      "n_params": 5,
      "nll": 119.28291591155786,
      "bic": 265.05741865585594,
      "seed": 3994283177
    },
    {
      "set": "validation",
      "participant": 9,
      "oci": 0.3166666666666666,
      "model": "group",
      "n_params": 5,
      "nll": 165.37799409840153,
      "bic": 357.2475750295432,
      "seed": 466816978
    },
    {
      "set": "validation",
      "participant": 10,
      "oci": 0.1833333333333333,
      "model": "group",
      "n_params": 5,
      "nll": 174.0343161803981,
      "bic": 374.56021919353634,
      "seed": 1992521312
    },
    {
      "set": "validation",
      "participant": 11,
      "oci": 0.2666666666666666,
      "model": "group",
      "n_params": 5,
      "nll": 161.23196112341174,
      "bic": 348.9555090795636,
      "seed": 518290189
    },
    {
      "set": "validation",
      "participant": 12,
      "oci": 0.1333333333333333,
      "model": "group",
      "n_params": 5,
      "nll": 183.58946567753895,
      "bic": 393.67051818781806,
      "seed": 44613708
    },
    {
      "set": "validation",
      "participant": 13,
      "oci": 0.25,
      "model": "group",
      "n_params": 5,
      "nll": 151.95050667447427,
      "bic": 330.39260018168875,
      "seed": 2111933731
    },
    {
      "set": "validation",
      "participant": 4,
      "oci": 0.1833333333333333,
      "model": "hybrid",
      "n_params": 7,
      "nll": 133.97806961912457,
      "bic": 305.0443608040854,
      "seed": 2351661775
    },
    {
      "set": "validation",
      "participant": 5,
      "oci": 0.0333333333333333,
      "model": "hybrid",
      "n_params": 7,
      "nll": 195.33334303114714,
      "bic": 427.7549076281305,
      "seed": 3340794876
    },
    {
      "set": "validation",
      "participant": 6,
      "oci": 0.1,
      "model": "hybrid",
      "n_params": 7,
      "nll": 188.64691725100315,
      "bic": 414.38205606784254,
      "seed": 2855032413
    },
    {
      "set": "validation",
      "participant": 7,
      "oci": 0.1333333333333333,
      "model": "hybrid",
      "n_params": 7,
      "nll": 146.7112263331631,
      "bic": 330.51067423216244,
      "seed": 2866754482
    },
    {
      "set": "validation",
      "participant": 8,
      "oci": 0.25,
      "model": "hybrid",
      "n_params": 7,
      "nll": 119.28322351587681,
      "bic": 275.6546685975899,
      "seed": 3729756703
    },
    {
      "set": "validation",
      "participant": 9,
      "oci": 0.3166666666666666,
      "model": "hybrid",
      "n_params": 7,
      "nll": 159.56816567744102,
      "bic": 356.2245529207183,
      "seed": 2849216963
    },
    {
      "set": "validation",
      "participant": 10,
      "oci": 0.1833333333333333,
      "model": "hybrid",
      "n_params": 7,
      "nll": 157.65147327824863,
      "bic": 352.3911681223335,
      "seed": 1767495256
    },
    {
      "set": "validation",
      "participant": 11,
      "oci": 0.2666666666666666,
      "model": "hybrid",
      "n_params": 7,
      "nll": 158.81782997978965,
      "bic": 354.72388152541555,
      "seed": 368517424
    },
    {
      "set": "validation",
      "participant": 12,
      "oci": 0.1333333333333333,
      "model": "hybrid",
      "n_params": 7,
      "nll": 180.0832572798945,
      "bic": 397.25473612562524,
      "seed": 700458285
    },
    {
      "set": "validation",
      "participant": 13,
      "oci": 0.25,
      "model": "hybrid",
      "n_params": 7,
      "nll": 156.09017481626503,
      "bic": 349.2685711983663,
      "seed": 1214350875
    },
    {
      "set": "validation",
      "participant": 4,
      "oci": 0.1833333333333333,
      "model": "individual",
      "n_params": 7,
      "nll": 110.4065271479208,
      "bic": 257.90127586167785,
      "seed": 2068454791
    },
    {
      "set": "validation",
      "participant": 5,
      "oci": 0.0333333333333333,
      "model": "individual",
      "n_params": 5,
      "nll": 175.72028581586676,
      "bic": 377.9321584644737,
      "seed": 910466841
    },
    {
      "set": "validation",
      "participant": 6,
      "oci": 0.1,
      "model": "individual",
      "n_params": 6,
      "nll": 179.78196294862784,
      "bic": 391.3538300965439,
      "seed": 2952995993
    },
    {
      "set": "validation",
      "participant": 7,
      "oci": 0.1333333333333333,
      "model": "individual",
      "n_params": 8,
      "nll": 126.05296607444744,
      "bic": 294.4924710812792,
      "seed": 420371195
    },
    {
      "set": "validation",
      "participant": 8,
      "oci": 0.25,
      "model": "individual",
      "n_params": 6,
      "nll": 106.53380301514667,
      "bic": 244.85751022958158,
      "seed": 4210587106
    },
    {
      "set": "validation",
      "participant": 9,
      "oci": 0.3166666666666666,
      "model": "individual",
      "n_params": 6,
      "nll": 156.84951127530255,
      "bic": 345.4889267498933,
      "seed": 3891505249
    },
    {
      "set": "validation",
      "participant": 10,
      "oci": 0.1833333333333333,
      "model": "individual",
      "n_params": 5,
      "nll": 146.1505785726427,
      "bic": 318.79274397802556,
      "seed": 3005847021
    },
    {
      "set": "validation",
      "participant": 11,
      "oci": 0.2666666666666666,
      "model": "individual",
      "n_params": 6,
      "nll": 145.18095138882404,
      "bic": 322.1518069769363,
      "seed": 1886428273
    },
    {
      "set": "validation",
      "participant": 12,
      "oci": 0.1333333333333333,
      "model": "individual",
      "n_params": 6,
      "nll": 173.6552464573781,
      "bic": 379.1003971140444,
      "seed": 1322862305
    },
    {
      "set": "validation",
      "participant": 13,
      "oci": 0.25,
      "model": "individual",
      "n_params": 4,
      "nll": 149.84542633904817,
      "bic": 320.8841221442885,
      "seed": 3244661453
    },
    {
      "set": "test",
      "participant": 14,
      "oci": 0.3,
      "model": "composed",
      "n_params": 4,
      "nll": 236.86843508683617,
      "bic": 494.9301396398645,
      "seed": 2898338005
    },
    {
      "set": "test",
      "participant": 16,
      "oci": 0.6166666666666667,
      "model": "composed",
      "n_params": 4,
      "nll": 235.09558209067865,
      "bic": 491.38443364754943,
      "seed": 1875239744
    },
    {
      "set": "test",
      "participant": 17,
      "oci": 0.4,
      "model": "composed",
      "n_params": 4,
      "nll": 169.66753044172734,
      "bic": 360.5283303496468,
      "seed": 2739555418
    },
    {
      "set": "test",
      "participant": 19,
      "oci": 0.6,
      "model": "composed",
      "n_params": 4,
      "nll": 208.4950231458853,
      "bic": 438.18331575796276,
      "seed": 1202962228
    },
    {
      "set": "test",
      "participant": 20,
      "oci": 0.3666666666666666,
      "model": "composed",
      "n_params": 4,
      "nll": 143.64754835315438,
      "bic": 308.4883661725009,
      "seed": 1872957132
    },
    {
      "set": "test",
      "participant": 21,
      "oci": 0.6166666666666667,
      "model": "composed",
      "n_params": 4,
      "nll": 127.49916086042126,
      "bic": 276.19159118703465,
      "seed": 2390682768
    },
    {
      "set": "test",
      "participant": 25,
      "oci": 0.3833333333333333,
      "model": "composed",
      "n_params": 4,
      "nll": 239.41424670881898,
      "bic": 500.0217628838301,
      "seed": 3963450934
    },
    {
      "set": "test",
      "participant": 26,
      "oci": 0.55,
      "model": "composed",
      "n_params": 4,
      "nll": 266.06549789349947,
      "bic": 553.3242652531911,
      "seed": 2364964350
    },
    {
      "set": "test",
      "participant": 27,
      "oci": 0.35,
      "model": "composed",
      "n_params": 4,
      "nll": 152.77631132974363,
      "bic": 326.7458921256794,
      "seed": 2478084833
    },
    {
      "set": "test",
      "participant": 28,
      "oci": 0.4833333333333333,
      "model": "composed",
      "n_params": 4,
      "nll": 207.05571548174413,
      "bic": 435.3047004296804,
      "seed": 2713325450
    },
    {
      "set": "test",
      "participant": 29,
      "oci": 0.4833333333333333,
      "model": "composed",
      "n_params": 4,
      "nll": 205.26190651401046,
      "bic": 431.71708249421306,
      "seed": 236188026
    },
    {
      "set": "test",
      "participant": 33,
      "oci": 0.7166666666666667,
      "model": "composed",
      "n_params": 4,
      "nll": 259.2829254522029,
      "bic": 539.759120370598,
      "seed": 1660100430
    },
    {
      "set": "test",
      "participant": 34,
      "oci": 0.9,
      "model": "composed",
      "n_params": 4,
      "nll": 169.2294650173535,
      "bic": 359.65219950089914,
      "seed": 3592481741
    },
    {
      "set": "test",
      "participant": 35,
      "oci": 0.75,
      "model": "composed",
      "n_params": 4,
      "nll": 236.0826058432863,
      "bic": 493.35848115276474,
      "seed": 515598469
    },
    {
      "set": "test",
      "participant": 36,
      "oci": 0.7833333333333333,
      "model": "composed",
      "n_params": 4,
      "nll": 172.5276504845956,
      "bic": 366.24857043538333,
      "seed": 2920403035
    },
    {
      "set": "test",
      "participant": 37,
      "oci": 0.7333333333333333,
      "model": "composed",
      "n_params": 4,
      "nll": 150.46318792246083,
      "bic": 322.1196453111138,
      "seed": 3158418338
    },
    {
      "set": "test",
      "participant": 38,
      "oci": 0.7833333333333333,
      "model": "composed",
      "n_params": 4,
      "nll": 190.6070991150524,
      "bic": 402.4074676962969,
      "seed": 2992721845
    },
    {
      "set": "test",
      "participant": 39,
      "oci": 0.7166666666666667,
      "model": "composed",
      "n_params": 4,
      "nll": 191.12416260681346,
      "bic": 403.44159467981905,
      "seed": 4280600168
    },
    {
      "set": "test",
      "participant": 41,
      "oci": 1.0,
      "model": "composed",
      "n_params": 4,
      "nll": 182.59004028163446,
      "bic": 386.37335002946105,
      "seed": 3213671062
    },
    {
      "set": "test",
      "participant": 42,
      "oci": 0.9666666666666668,
      "model": "composed",
      "n_params": 4,
      "nll": 191.8230561783941,
      "bic": 404.83938182298033,
      "seed": 1737993063
    },
    {
      "set": "test",
      "participant": 43,
      "oci": 0.8666666666666667,
      "model": "composed",
      "n_params": 4,
      "nll": 193.31044152931256,
      "bic": 407.81415252481725,
      "seed": 2800101017
    },
    {
      "set": "test",
      "participant": 14,
      "oci": 0.3,
      "model": "group",
      "n_params": 5,
      "nll": 241.25233130600733,
      "bic": 508.9962494447549,
      "seed": 1851706238
    },
    {
      "set": "test",
      "participant": 16,
      "oci": 0.6166666666666667,
      "model": "group",
      "n_params": 5,
      "nll": 218.79067003184088,
      "bic": 464.0729268964219,
      "seed": 4143291216
    },
    {
      "set": "test",
      "participant": 17,
      "oci": 0.4,
      "model": "group",
      "n_params": 5,
      "nll": 167.0508141745521,
      "bic": 360.59321518184436,
      "seed": 1175244868
    },
    {
      "set": "test",
      "participant": 19,
      "oci": 0.6,
      "model": "group",
      "n_params": 5,
      "nll": 206.99486514832094,
      "bic": 440.4813171293821,
      "seed": 2620838867
    },
    {
      "set": "test",
      "participant": 20,
      "oci": 0.3666666666666666,
      "model": "group",
      "n_params": 5,
      "nll": 175.12108511629737,
      "bic": 376.7337570653349,
      "seed": 3707715593
    },
    {
      "set": "test",
      "participant": 21,
      "oci": 0.6166666666666667,
      "model": "group",
      "n_params": 5,
      "nll": 125.22770188692036,
      "bic": 276.9469906065809,
      "seed": 299769116
    },
    {
      "set": "test",
      "participant": 25,
      "oci": 0.3833333333333333,
      "model": "group",
      "n_params": 5,
      "nll": 226.4870458283313,
      "bic": 479.46567848940276,
      "seed": 2890738906
    },
    {
      "set": "test",
      "participant": 26,
      "oci": 0.55,
      "model": "group",
      "n_params": 5,
      "nll": 276.0578752532031,
      "bic": 578.6073373391464,
      "seed": 2566884000
    },
    {
      "set": "test",
      "participant": 27,
      "oci": 0.35,
      "model": "group",
      "n_params": 5,
      "nll": 167.9484939524666,
      "bic": 362.38857473767337,
      "seed": 41806616
    },
    {
      "set": "test",
      "participant": 28,
      "oci": 0.4833333333333333,
      "model": "group",
      "n_params": 5,
      "nll": 191.0791470566424,
      "bic": 408.64988094602495,
      "seed": 300587750
    },
    {
      "set": "test",
      "participant": 29,
      "oci": 0.4833333333333333,
      "model": "group",
      "n_params": 5,
      "nll": 178.41706910823652,
      "bic": 383.32572504921325,
      "seed": 1882440971
    },
    {
      "set": "test",
      "participant": 33,
      "oci": 0.7166666666666667,
      "model": "group",
      "n_params": 5,
      "nll": 252.86484218031603,
      "bic": 532.2212711933722,
      "seed": 3748739705
    },
    {
      "set": "test",
      "participant": 34,
      "oci": 0.9,
      "model": "group",
      "n_params": 5,
      "nll": 111.59877720119499,
      "bic": 249.68914123513017,
      "seed": 601398736
    },
    {
      "set": "test",
      "participant": 35,
      "oci": 0.75,
      "model": "group",
      "n_params": 5,
      "nll": 238.8871011862147,
      "bic": 504.26578920516954,
      "seed": 1014348670
    },
    {
      "set": "test",
      "participant": 36,
      "oci": 0.7833333333333333,
      "model": "group",
      "n_params": 5,
      "nll": 181.0003803896921,
      "bic": 388.4923476121244,
      "seed": 1062211090
    },
    {
      "set": "test",
      "participant": 37,
      "oci": 0.7333333333333333,
      "model": "group",
      "n_params": 5,
      "nll": 139.53490847814427,
      "bic": 305.56140378902876,
      "seed": 1346757023
    },
    {
      "set": "test",
      "participant": 38,
      "oci": 0.7833333333333333,
      "model": "group",
      "n_params": 5,
      "nll": 187.63332088164447,
      "bic": 401.7582285960291,
      "seed": 2671338137
    },
    {
      "set": "test",
      "participant": 39,
      "oci": 0.7166666666666667,
      "model": "group",
      "n_params": 5,
      "nll": 186.31464670055357,
      "bic": 399.1208802338473,
      "seed": 3873491909
    },
    {
      "set": "test",
      "participant": 41,
      "oci": 1.0,
      "model": "group",
      "n_params": 5,
      "nll": 178.63456993481338,
      "bic": 383.7607267023669,
      "seed": 467055694
    },
    {
      "set": "test",
      "participant": 42,
      "oci": 0.9666666666666668,
      "model": "group",
      "n_params": 5,
      "nll": 179.51161297750227,
      "bic": 385.51481278774475,
      "seed": 3546924370
    },
    {
      "set": "test",
      "participant": 43,
      "oci": 0.8666666666666667,
      "model": "group",
      "n_params": 5,
      "nll": 205.79417891959588,
      "bic": 438.0799446719319,
      "seed": 2805312101
    },
    {
      "set": "test",
      "participant": 14,
      "oci": 0.3,
      "model": "hybrid",
      "n_params": 7,
      "nll": 233.69141536817077,
      "bic": 504.4710523021778,
      "seed": 942191101
    },
    {
      "set": "test",
      "participant": 16,
      "oci": 0.6166666666666667,
      "model": "hybrid",
      "n_params": 7,
      "nll": 205.18102244293596,
      "bic": 447.45026645170816,
      "seed": 3443256994
    },
    {
      "set": "test",
      "participant": 17,
      "oci": 0.4,
      "model": "hybrid",
      "n_params": 7,
      "nll": 160.83913256164675,
      "bic": 358.76648668912975,
      "seed": 1673750969
    },
    {
      "set": "test",
      "participant": 19,
      "oci": 0.6,
      "model": "hybrid",
      "n_params": 7,
      "nll": 208.56309337392204,
      "bic": 454.21440831368034,
      "seed": 506549366
    },
    {
      "set": "test",
      "participant": 20,
      "oci": 0.3666666666666666,
      "model": "hybrid",
      "n_params": 7,
      "nll": 124.57875668532482,
      "bic": 286.2457349364859,
      "seed": 735688660
    },
    {
      "set": "test",
      "participant": 21,
      "oci": 0.6166666666666667,
      "model": "hybrid",
      "n_params": 7,
      "nll": 125.72573211054355,
      "bic": 288.53968578692337,
      "seed": 2656102945
    },
    {
      "set": "test",
      "participant": 25,
      "oci": 0.3833333333333333,
      "model": "hybrid",
      "n_params": 7,
      "nll": 215.8075240015391,
      "bic": 468.70326956891444,
      "seed": 1089260276
    },
    {
      "set": "test",
      "participant": 26,
      "oci": 0.55,
      "model": "hybrid",
      "n_params": 7,
      "nll": 270.8699341544055,
      "bic": 578.8280898746473,
      "seed": 443847550
    },
    {
      "set": "test",
      "participant": 27,
      "oci": 0.35,
      "model": "hybrid",
      "n_params": 7,
      "nll": 148.75348911588458,
      "bic": 334.5951997976054,
      "seed": 3304992583
    },
    {
      "set": "test",
      "participant": 28,
      "oci": 0.4833333333333333,
      "model": "hybrid",
      "n_params": 7,
      "nll": 190.56562237958127,
      "bic": 418.2194663249988,
      "seed": 3459046114
    },
    {
      "set": "test",
      "participant": 29,
      "oci": 0.4833333333333333,
      "model": "hybrid",
      "n_params": 7,
      "nll": 183.91157200708227,
      "bic": 404.9113655800008,
      "seed": 4043437860
    },
    {
      "set": "test",
      "participant": 33,
      "oci": 0.7166666666666667,
      "model": "hybrid",
      "n_params": 7,
      "nll": 223.72566974024068,
      "bic": 484.5395610463176,
      "seed": 3214403984
    },
    {
      "set": "test",
      "participant": 34,
      "oci": 0.9,
      "model": "hybrid",
      "n_params": 7,
      "nll": 112.33536584556582,
      "bic": 261.7589532569679,
      "seed": 2548004544
    },
    {
      "set": "test",
      "participant": 35,
      "oci": 0.75,
      "model": "hybrid",
      "n_params": 7,
      "nll": 226.80517679101112,
      "bic": 490.6985751478585,
      "seed": 297052705
    },
    {
      "set": "test",
      "participant": 36,
      "oci": 0.7833333333333333,
      "model": "hybrid",
      "n_params": 7,
      "nll": 172.49393512750083,
      "bic": 382.0760918208379,
      "seed": 3795794751
    },
    {
      "set": "test",
      "participant": 37,
      "oci": 0.7333333333333333,
      "model": "hybrid",
      "n_params": 7,
      "nll": 129.57303486398266,
      "bic": 296.23429129380156,
      "seed": 2000679680
    },
    {
      "set": "test",
      "participant": 38,
      "oci": 0.7833333333333333,
      "model": "hybrid",
      "n_params": 7,
      "nll": 184.79537754435577,
      "bic": 406.6789766545478,
      "seed": 3981863547
    },
    {
      "set": "test",
      "participant": 39,
      "oci": 0.7166666666666667,
      "model": "hybrid",
      "n_params": 7,
      "nll": 176.38136558511562,
      "bic": 389.8509527360675,
      "seed": 3686540314
    },
    {
      "set": "test",
      "participant": 41,
      "oci": 1.0,
      "model": "hybrid",
      "n_params": 7,
      "nll": 182.76654380200145,
      "bic": 402.62130916983915,
      "seed": 3324960193
    },
    {
      "set": "test",
      "participant": 42,
      "oci": 0.9666666666666668,
      "model": "hybrid",
      "n_params": 7,
      "nll": 176.27850898754895,
      "bic": 389.64523954093414,
      "seed": 163333962
    },
    {
      "set": "test",
      "participant": 43,
      "oci": 0.8666666666666667,
      "model": "hybrid",
      "n_params": 7,
      "nll": 202.0015085090881,
      "bic": 441.09123858401244,
      "seed": 3103123193
    },
    {
      "set": "test",
      "participant": 14,
      "oci": 0.3,
      "model": "individual",
      "n_params": 6,
      "nll": 230.7047889960685,
      "bic": 493.1994821914252,
      "seed": 1661608638
    },
    {
      "set": "test",
      "participant": 16,
      "oci": 0.6166666666666667,
      "model": "individual",
      "n_params": 4,
      "nll": 203.6369310405488,
      "bic": 428.46713154728974,
      "seed": 770176964
    },
    {
      "set": "test",
      "participant": 17,
      "oci": 0.4,
      "model": "individual",
      "n_params": 4,
      "nll": 162.94395633471694,
      "bic": 347.081182135626,
      "seed": 670222464
    },
    {
      "set": "test",
      "participant": 19,
      "oci": 0.6,
      "model": "individual",
      "n_params": 4,
      "nll": 204.7388991765388,
      "bic": 430.67106781926975,
      "seed": 2792895574
    },
    {
      "set": "test",
      "participant": 20,
      "oci": 0.3666666666666666,
      "model": "individual",
      "n_params": 6,
      "nll": 118.42567246684666,
      "bic": 268.64124913298156,
      "seed": 975559833
    },
    {
      "set": "test",
      "participant": 21,
      "oci": 0.6166666666666667,
      "model": "individual",
      "n_params": 6,
      "nll": 120.06802815665702,
      "bic": 271.9259605126023,
      "seed": 159972337
    },
    {
      "set": "test",
      "participant": 25,
      "oci": 0.3833333333333333,
      "model": "individual",
      "n_params": 5,
      "nll": 217.8641508766688,
      "bic": 462.2198885860778,
      "seed": 1743800180
    },
    {
      "set": "test",
      "participant": 26,
      "oci": 0.55,
      "model": "individual",
      "n_params": 5,
      "nll": 265.27074862891817,
      "bic": 557.0330840905765,
      "seed": 2088279400
    },
    {
      "set": "test",
      "participant": 27,
      "oci": 0.35,
      "model": "individual",
      "n_params": 6,
      "nll": 136.68599958595223,
      "bic": 305.1619033711927,
      "seed": 4098458471
    },
    {
      "set": "test",
      "participant": 28,
      "oci": 0.4833333333333333,
      "model": "individual",
      "n_params": 7,
      "nll": 166.33892414909693,
      "bic": 369.7660698640301,
      "seed": 3415758404
    },
    {
      "set": "test",
      "participant": 29,
      "oci": 0.4833333333333333,
      "model": "individual",
      "n_params": 4,
      "nll": 171.19146116702524,
      "bic": 363.5761918002426,
      "seed": 45321770
    },
    {
      "set": "test",
      "participant": 33,
      "oci": 0.7166666666666667,
      "model": "individual",
      "n_params": 6,
      "nll": 225.75130144615792,
      "bic": 483.2925070916041,
      "seed": 3881703589
    },
    {
      "set": "test",
      "participant": 34,
      "oci": 0.9,
      "model": "individual",
      "n_params": 6,
      "nll": 111.59742078564716,
      "bic": 254.98474577058255,
      "seed": 474659027
    },
    {
      "set": "test",
      "participant": 35,
      "oci": 0.75,
      "model": "individual",
      "n_params": 6,
      "nll": 215.4743224860243,
      "bic": 462.73854917133684,
      "seed": 3250386077
    },
    {
      "set": "test",
      "participant": 36,
      "oci": 0.7833333333333333,
      "model": "individual",
      "n_params": 8,
      "nll": 153.62538935329076,
      "bic": 349.6373176389658,
      "seed": 221065513
    },
    {
      "set": "test",
      "participant": 37,
      "oci": 0.7333333333333333,
      "model": "individual",
      "n_params": 7,
      "nll": 116.53657654774916,
      "bic": 270.1613746613346,
      "seed": 1743052550
    },
    {
      "set": "test",
      "participant": 38,
      "oci": 0.7833333333333333,
      "model": "individual",
      "n_params": 6,
      "nll": 173.4032289892135,
      "bic": 378.5963621777152,
      "seed": 264804398
    },
    {
      "set": "test",
      "participant": 39,
      "oci": 0.7166666666666667,
      "model": "individual",
      "n_params": 6,
      "nll": 173.6035061605544,
      "bic": 378.996916520397,
      "seed": 863725064
    },
    {
      "set": "test",
      "participant": 41,
      "oci": 1.0,
      "model": "individual",
      "n_params": 6,
      "nll": 177.32279886637383,
      "bic": 386.4355019320359,
      "seed": 4149600329
    },
    {
      "set": "test",
      "participant": 42,
      "oci": 0.9666666666666668,
      "model": "individual",
      "n_params": 6,
      "nll": 127.48116362646584,
      "bic": 286.7522314522199,
      "seed": 1392082600
    },
    {
      "set": "test",
      "participant": 43,
      "oci": 0.8666666666666667,
      "model": "individual",
      "n_params": 7,
      "nll": 193.0803531327964,
      "bic": 423.24892783142906,
      "seed": 3158196261
    }
  ]
}