{
  "stats": {
    "mean_bic": {
      "composed": 502.8036885023724,
      "group": 536.5957328725357,
      "canonical": 519.8090485676054,
      "individual": 535.4754731693434
    },
    "composed_vs_group": {
      "wilcoxon_p": 0.0001220703125,
      "wins": 14,
      "ties": 0,
      "losses": 1,
      "mean_delta": -33.79204437016322
    },
    "composed_vs_canonical": {
      "wilcoxon_p": 0.01025390625,
      "mean_delta": -17.005360065232974
    },
    "warnings": [
      "canonical refit BIC differs from baseline_bic for p4: 314.78 vs 203.19 (the column's producing variant is unknown)",
      "canonical refit BIC differs from baseline_bic for p6: 488.83 vs 268.38 (the column's producing variant is unknown)",
      "canonical refit BIC differs from baseline_bic for p7: 328.44 vs 184.97 (the column's producing variant is unknown)",
      "canonical refit BIC differs from baseline_bic for p8: 628.36 vs 399.94 (the column's producing variant is unknown)",
      "canonical refit BIC differs from baseline_bic for p9: 374.91 vs 221.97 (the column's producing variant is unknown)",
      "canonical refit BIC differs from baseline_bic for p36: 416.56 vs 261.54 (the column's producing variant is unknown)",
      "canonical refit BIC differs from baseline_bic for p38: 616.30 vs 379.80 (the column's producing variant is unknown)",
      "canonical refit BIC differs from baseline_bic for p39: 640.76 vs 391.51 (the column's producing variant is unknown)",
      "canonical refit BIC differs from baseline_bic for p41: 630.27 vs 408.89 (the column's producing variant is unknown)",
      "canonical refit BIC differs from baseline_bic for p42: 591.44 vs 330.53 (the column's producing variant is unknown)",
      "canonical refit BIC differs from baseline_bic for p43: 407.55 vs 261.82 (the column's producing variant is unknown)",
      "canonical refit BIC differs from baseline_bic for p44: 660.31 vs 404.28 (the column's producing variant is unknown)",
      "canonical refit BIC differs from baseline_bic for p47: 464.96 vs 311.89 (the column's producing variant is unknown)",
      "canonical refit BIC differs from baseline_bic for p48: 591.30 vs 353.31 (the column's producing variant is unknown)",
      "canonical refit BIC differs from baseline_bic for p50: 642.35 vs 383.23 (the column's producing variant is unknown)"
    ]
  },
  "rows": [
    {
      "set": "validation",
      "participant": 10,
      "age": 20.0,
      "model": "composed",
      "n_params": 4,
      "nll": 187.95089188257242,
      "bic": 399.02475782831414,
      "seed": 4257406871
    },
    {
      "set": "validation",
      "participant": 11,
      "age": 22.0,
      "model": "composed",
      "n_params": 4,
      "nll": 180.34975183863963,
      "bic": 383.82247774044856,
      "seed": 1434244346
    },
    {
      "set": "validation",
      "participant": 12,
      "age": 20.0,
      "model": "composed",
      "n_params": 4,
      "nll": 188.37181851875354,
      "bic": 399.8666111006764,
      "seed": 3350847390
    },
    {
      "set": "validation",
      "participant": 13,
      "age": 20.0,
      "model": "composed",
      "n_params": 4,
      "nll": 235.84816053176422,
      "bic": 494.81929512669774,
      "seed": 3231766013
    },
    {
      "set": "validation",
      "participant": 14,
      "age": 22.0,
      "model": "composed",
      "n_params": 4,
      "nll": 214.37981106834516,
      "bic": 451.8825961998596,
      "seed": 1109838940
    },
    {
      "set": "validation",
      "participant": 15,
      "age": 25.0,
      "model": "composed",
      "n_params": 4,
      "nll": 218.22004784816662,
      "bic": 459.5630697595025,
      "seed": 4019031690
    },
    {
      "set": "validation",
      "participant": 16,
      "age": 21.0,
      "model": "composed",
      "n_params": 4,
      "nll": 253.89812000693166,
      "bic": 530.9192140770326,
      "seed": 1204661426
    },
    {
      "set": "validation",
      "participant": 17,
      "age": 20.0,
      "model": "composed",
      "n_params": 4,
      "nll": 284.3879228069927,
      "bic": 591.8988196771547,
      "seed": 2101258744
    },
    {
      "set": "validation",
      "participant": 18,
      "age": 18.0,
      "model": "composed",
      "n_params": 4,
      "nll": 221.69180166980223,
      "bic": 466.50657740277376,
      "seed": 1876983405
    },
    {
      "set": "validation",
      "participant": 19,
      "age": 22.0,
      "model": "composed",
      "n_params": 4,
      "nll": 252.47764451164116,
      "bic": 528.0782630864517,
      "seed": 3608694978
    },
    {
      "set": "validation",
      "participant": 10,
      "age": 20.0,
      "model": "group",
      "n_params": 5,
      "nll": 196.5983270074583,
      "bic": 422.1003715938782,
      "seed": 1992521312
    },
    {
      "set": "validation",
      "participant": 11,
      "age": 22.0,
      "model": "group",
      "n_params": 5,
      "nll": 185.20168000991237,
      "bic": 399.30707759878635,
      "seed": 518290189
    },
    {
      "set": "validation",
      "participant": 12,
      "age": 20.0,
      "model": "group",
      "n_params": 5,
      "nll": 202.56412784246575,
      "bic": 434.0319732638932,
      "seed": 44613708
    },
    {
      "set": "validation",
      "participant": 13,
      "age": 20.0,
      "model": "group",
      "n_params": 5,
      "nll": 234.38214360629502,
      "bic": 497.66800479155165,
      "seed": 2111933731
    },
    {
      "set": "validation",
      "participant": 14,
      "age": 22.0,
      "model": "group",
      "n_params": 5,
      "nll": 223.16868141834757,
      "bic": 475.2410804156568,
      "seed": 11426045
    },
    {
      "set": "validation",
      "participant": 15,
      "age": 25.0,
      "model": "group",
      "n_params": 5,
      "nll": 223.11059790345107,
      "bic": 475.1249133858638,
      "seed": 3782598538
    },
    {
      "set": "validation",
      "participant": 16,
      "age": 21.0,
      "model": "group",
      "n_params": 5,
      "nll": 257.1842165104845,
      "bic": 543.2721505999306,
      "seed": 828514136
    },
    {
      "set": "validation",
      "participant": 17,
      "age": 20.0,
      "model": "group",
      "n_params": 5,
      "nll": 283.5786525919318,
      "bic": 596.0610227628252,
      "seed": 785604742
    },
    {
      "set": "validation",
      "participant": 18,
      "age": 18.0,
      "model": "group",
      "n_params": 5,
      "nll": 230.25905376906098,
      "bic": 489.4218251170836,
      "seed": 2864108567
    },
    {
      "set": "validation",
      "participant": 19,
      "age": 22.0,
      "model": "group",
      "n_params": 5,
      "nll": 251.56485139853658,
      "bic": 532.0334203760348,
      "seed": 3071557592
    },
    {
      "set": "validation",
      "participant": 10,
      "age": 20.0,
      "model": "canonical",
      "n_params": 6,
      "nll": 192.1467369807295,
      "bic": 418.9779350562129,
      "seed": 3046240217
    },
    {
      "set": "validation",
      "participant": 11,
      "age": 22.0,
      "model": "canonical",
      "n_params": 6,
      "nll": 178.8145871506461,
      "bic": 392.31363539604615,
      "seed": 869384342
    },
    {
      "set": "validation",
      "participant": 12,
      "age": 20.0,
      "model": "canonical",
      "n_params": 6,
      "nll": 188.4190956825282,
      "bic": 411.5226524598104,
      "seed": 3297955252
    },
    {
      "set": "validation",
      "participant": 13,
      "age": 20.0,
      "model": "canonical",
      "n_params": 6,
      "nll": 235.69527990469845,
      "bic": 506.07502090415085,
      "seed": 2485442048
    },
    {
      "set": "validation",
      "participant": 14,
      "age": 22.0,
      "model": "canonical",
      "n_params": 6,
      "nll": 221.53759237488077,
      "bic": 477.7596458445155,
      "seed": 2644107398
    },
    {
      "set": "validation",
      "participant": 15,
      "age": 25.0,
      "model": "canonical",
      "n_params": 6,
      "nll": 220.3875020869611,
      "bic": 475.4594652686761,
      "seed": 3547877860
    },
    {
      "set": "validation",
      "participant": 16,
      "age": 21.0,
      "model": "canonical",
      "n_params": 6,
      "nll": 261.712237040472,
      "bic": 558.108935175698,
      "seed": 2407478795
    },
    {
      "set": "validation",
      "participant": 17,
      "age": 20.0,
      "model": "canonical",
      "n_params": 6,
      "nll": 280.0216090106216,
      "bic": 594.7276791159971,
      "seed": 1457707506
    },
    {
      "set": "validation",
      "participant": 18,
      "age": 18.0,
      "model": "canonical",
      "n_params": 6,
      "nll": 240.02442450314862,
      "bic": 514.7333101010512,
      "seed": 3179711897
    },
    {
      "set": "validation",
      "participant": 19,
      "age": 22.0,
      "model": "canonical",
      "n_params": 6,
      "nll": 248.7561382495469,
      "bic": 532.1967375938477,
      "seed": 2949081308
    },
    {
      "set": "validation",
      "participant": 10,
      "age": 20.0,
      "model": "individual",
      "n_params": 5,
      "nll": 196.5841962541487,
      "bic": 422.07211008725903,
      "seed": 3005847021
    },
    {
      "set": "validation",
      "participant": 11,
      "age": 22.0,
      "model": "individual",
      "n_params": 6,
      "nll": 179.37162143161575,
      "bic": 393.4277039579855,
      "seed": 1886428273
    },
    {
      "set": "validation",
      "participant": 12,
      "age": 20.0,
      "model": "individual",
      "n_params": 6,
      "nll": 197.83456795845063,
      "bic": 430.3535970116552,
      "seed": 1322862305
    },
    {
      "set": "validation",
      "participant": 13,
      "age": 20.0,
      "model": "individual",
      "n_params": 5,
      "nll": 208.8411789296219,
      "bic": 446.5860754382054,
      "seed": 3244661453
    },
    {
      "set": "validation",
      "participant": 14,
      "age": 22.0,
      "model": "individual",
      "n_params": 6,
      "nll": 213.33970080579726,
      "bic": 461.3638627063485,
      "seed": 2526154283
    },
    {
      "set": "test",
      "participant": 4,
      "age": 18.0,
      "model": "composed",
      "n_params": 4,
      "nll": 143.08777993058894,
      "bic": 309.29853392434717,
      "seed": 616188513
    },
    {
      "set": "test",
      "participant": 6,
      "age": 25.0,
      "model": "composed",
      "n_params": 4,
      "nll": 222.59273360942476,
      "bic": 468.3084412820188,
      "seed": 4180818393
    },
    {
      "set": "test",
      "participant": 7,
      "age": 21.0,
      "model": "composed",
      "n_params": 4,
      "nll": 156.07279569914152,
      "bic": 335.26856546145234,
      "seed": 2632261471
    },
    {
      "set": "test",
      "participant": 8,
      "age": 36.0,
      "model": "composed",
      "n_params": 4,
      "nll": 303.9420258437546,
      "bic": 631.0070257506785,
      "seed": 2549836650
    },
    {
      "set": "test",
      "participant": 9,
      "age": 23.0,
      "model": "composed",
      "n_params": 4,
      "nll": 172.53321533003495,
      "bic": 368.1894047232392,
      "seed": 4060587058
    },
    {
      "set": "test",
      "participant": 36,
      "age": 57.0,
      "model": "composed",
      "n_params": 4,
      "nll": 207.21042958362293,
      "bic": 437.54383323041515,
      "seed": 2920403035
    },
    {
      "set": "test",
      "participant": 38,
      "age": 79.0,
      "model": "composed",
      "n_params": 4,
      "nll": 293.22683934184226,
      "bic": 609.5766527468538,
      "seed": 2992721845
    },
    {
      "set": "test",
      "participant": 39,
      "age": 50.0,
      "model": "composed",
      "n_params": 4,
      "nll": 305.3318107975936,
      "bic": 633.7865956583565,
      "seed": 4280600168
    },
    {
      "set": "test",
      "participant": 41,
      "age": 67.0,
      "model": "composed",
      "n_params": 4,
      "nll": 293.3364311186615,
      "bic": 609.7958363004923,
      "seed": 3213671062
    },
    {
      "set": "test",
      "participant": 42,
      "age": 70.0,
      "model": "composed",
      "n_params": 4,
      "nll": 261.65700103607014,
      "bic": 546.4369761353096,
      "seed": 1737993063
    },
    {
      "set": "test",
      "participant": 43,
      "age": 78.0,
      "model": "composed",
      "n_params": 4,
      "nll": 178.11803077785555,
      "bic": 379.3590356188804,
      "seed": 2800101017
    },
    {
      "set": "test",
      "participant": 44,
      "age": 76.0,
      "model": "composed",
      "n_params": 4,
      "nll": 310.5092630563454,
      "bic": 644.1415001758601,
      "seed": 3484692815
    },
    {
      "set": "test",
      "participant": 47,
      "age": 71.0,
      "model": "composed",
      "n_params": 4,
      "nll": 210.2651921578685,
      "bic": 443.6533583789063,
      "seed": 740455581
    },
    {
      "set": "test",
      "participant": 48,
      "age": 85.0,
      "model": "composed",
      "n_params": 4,
      "nll": 267.3320083323154,
      "bic": 557.7869907278001,
      "seed": 600054179
    },
    {
      "set": "test",
      "participant": 50,
      "age": 80.0,
      "model": "composed",
      "n_params": 4,
      "nll": 272.38980167890315,
      "bic": 567.9025774209756,
      "seed": 2964793850
    },
    {
      "set": "test",
      "participant": 4,
      "age": 18.0,
      "model": "group",
      "n_params": 5,
      "nll": 145.44562628682525,
      "bic": 319.7949701526121,
      "seed": 2569063859
    },
    {
      "set": "test",
      "participant": 6,
      "age": 25.0,
      "model": "group",
      "n_params": 5,
      "nll": 226.15565725827946,
      "bic": 481.21503209552054,
      "seed": 2893560193
    },
    {
      "set": "test",
      "participant": 7,
      "age": 21.0,
      "model": "group",
      "n_params": 5,
      "nll": 157.40005775052947,
      "bic": 343.70383308002056,
      "seed": 4092327190
    },
    {
      "set": "test",
      "participant": 8,
      "age": 36.0,
      "model": "group",
      "n_params": 5,
      "nll": 310.6810493893019,
      "bic": 650.2658163575654,
      "seed": 3860592637
    },
    {
      "set": "test",
      "participant": 9,
      "age": 23.0,
      "model": "group",
      "n_params": 5,
      "nll": 180.51348934364455,
      "bic": 389.9306962662507,
      "seed": 2672014160
    },
    {
      "set": "test",
      "participant": 36,
      "age": 57.0,
      "model": "group",
      "n_params": 5,
      "nll": 203.0073637212618,
      "bic": 434.91844502148524,
      "seed": 1062211090
    },
    {
      "set": "test",
      "participant": 38,
      "age": 79.0,
      "model": "group",
      "n_params": 5,
      "nll": 306.55899130809087,
      "bic": 642.0217001951434,
      "seed": 2671338137
    },
    {
      "set": "test",
      "participant": 39,
      "age": 50.0,
      "model": "group",
      "n_params": 5,
      "nll": 314.8679854891921,
      "bic": 658.6396885573458,
      "seed": 3873491909
    },
    {
      "set": "test",
      "participant": 41,
      "age": 67.0,
      "model": "group",
      "n_params": 5,
      "nll": 318.0300396318052,
      "bic": 664.963796842572,
      "seed": 467055694
    },
    {
      "set": "test",
      "participant": 42,
      "age": 70.0,
      "model": "group",
      "n_params": 5,
      "nll": 278.6551924262815,
      "bic": 586.2141024315246,
      "seed": 3546924370
    },
    {
      "set": "test",
      "participant": 43,
      "age": 78.0,
      "model": "group",
      "n_params": 5,
      "nll": 200.08966352700267,
      "bic": 429.083044632967,
      "seed": 2805312101
    },
    {
      "set": "test",
      "participant": 44,
      "age": 76.0,
      "model": "group",
      "n_params": 5,
      "nll": 319.8206976939272,
      "bic": 668.545112966816,
      "seed": 1666952039
    },
    {
      "set": "test",
      "participant": 47,
      "age": 71.0,
      "model": "group",
      "n_params": 5,
      "nll": 233.00215940594302,
      "bic": 494.90803639084766,
      "seed": 1265426653
    },
    {
      "set": "test",
      "participant": 48,
      "age": 85.0,
      "model": "group",
      "n_params": 5,
      "nll": 294.41071972338034,
      "bic": 617.7251570257223,
      "seed": 3472428416
    },
    {
      "set": "test",
      "participant": 50,
      "age": 80.0,
      "model": "group",
      "n_params": 5,
      "nll": 319.0514217463396,
      "bic": 667.0065610716408,
      "seed": 3355752707
    },
    {
      "set": "test",
      "participant": 4,
      "age": 18.0,
      "model": "canonical",
      "n_params": 6,
      "nll": 140.04635153244024,
      "bic": 314.7771641596345,
      "seed": 1642975206
    },
    {
      "set": "test",
      "participant": 6,
      "age": 25.0,
      "model": "canonical",
      "n_params": 6,
      "nll": 227.07233057554788,
      "bic": 488.8291222458497,
      "seed": 2875571754
    },
    {
      "set": "test",
      "participant": 7,
      "age": 21.0,
      "model": "canonical",
      "n_params": 6,
      "nll": 146.87956889235588,
      "bic": 328.44359887946575,
      "seed": 714843380
    },
    {
      "set": "test",
      "participant": 8,
      "age": 36.0,
      "model": "canonical",
      "n_params": 6,
      "nll": 296.83813115347954,
      "bic": 628.360723401713,
      "seed": 245938398
    },
    {
      "set": "test",
      "participant": 9,
      "age": 23.0,
      "model": "canonical",
      "n_params": 6,
      "nll": 170.11497964814703,
      "bic": 374.914420391048,
      "seed": 2825321286
    },
    {
      "set": "test",
      "participant": 36,
      "age": 57.0,
      "model": "canonical",
      "n_params": 6,
      "nll": 190.9370136314913,
      "bic": 416.55848835773656,
      "seed": 2982112542
    },
    {
      "set": "test",
      "participant": 38,
      "age": 79.0,
      "model": "canonical",
      "n_params": 6,
      "nll": 290.8100410892167,
      "bic": 616.3045432731874,
      "seed": 1500721500
    },
    {
      "set": "test",
      "participant": 39,
      "age": 50.0,
      "model": "canonical",
      "n_params": 6,
      "nll": 303.0380401208198,
      "bic": 640.7605413363935,
      "seed": 2118403357
    },
    {
      "set": "test",
      "participant": 41,
      "age": 67.0,
      "model": "canonical",
      "n_params": 6,
      "nll": 297.79412511516017,
      "bic": 630.2727113250743,
      "seed": 1120293553
    },
    {
      "set": "test",
      "participant": 42,
      "age": 70.0,
      "model": "canonical",
      "n_params": 6,
      "nll": 278.3789167951644,
      "bic": 591.4422946850827,
      "seed": 333887061
    },
    {
      "set": "test",
      "participant": 43,
      "age": 78.0,
      "model": "canonical",
      "n_params": 6,
      "nll": 186.4328513345225,
      "bic": 407.550163763799,
      "seed": 129455322
    },
    {
      "set": "test",
      "participant": 44,
      "age": 76.0,
      "model": "canonical",
      "n_params": 6,
      "nll": 312.81487414497013,
      "bic": 660.3142093846942,
      "seed": 2301760469
    },
    {
      "set": "test",
      "participant": 47,
      "age": 71.0,
      "model": "canonical",
      "n_params": 6,
      "nll": 215.13756066355785,
      "bic": 464.95958242186964,
      "seed": 3634756170
    },
    {
      "set": "test",
      "participant": 48,
      "age": 85.0,
      "model": "canonical",
      "n_params": 6,
      "nll": 278.3070274421442,
      "bic": 591.2985159790423,
      "seed": 1750673052
    },
    {
      "set": "test",
      "participant": 50,
      "age": 80.0,
      "model": "canonical",
      "n_params": 6,
      "nll": 303.83259390736794,
      "bic": 642.3496489094898,
      "seed": 1226769656
    },
    {
      "set": "test",
      "participant": 4,
      "age": 18.0,
      "model": "individual",
      "n_params": 5,
      "nll": 143.77489608752157,
      "bic": 316.4535097540048,
      "seed": 336448744
    },
    {
      "set": "test",
      "participant": 6,
      "age": 25.0,
      "model": "individual",
      "n_params": 6,
      "nll": 191.57885340632467,
      "bic": 417.84216790740334,
      "seed": 407675911
    },
    {
      "set": "test",
      "participant": 7,
      "age": 21.0,
      "model": "individual",
      "n_params": 5,
      "nll": 152.93231752434212,
      "bic": 334.76835262764587,
      "seed": 3834893830
    },
    {
      "set": "test",
      "participant": 8,
      "age": 36.0,
      "model": "individual",
      "n_params": 5,
      "nll": 301.461406180075,
      "bic": 631.8265299391117,
      "seed": 3003889062
    },
    {
      "set": "test",
      "participant": 9,
      "age": 23.0,
      "model": "individual",
      "n_params": 6,
      "nll": 171.14557949356544,
      "bic": 376.9756200818848,
      "seed": 2504452415
    },
    {
      "set": "test",
      "participant": 36,
      "age": 57.0,
      "model": "individual",
      "n_params": 6,
      "nll": 192.70816714481148,
      "bic": 420.10079538437697,
      "seed": 221065513
    },
    {
      "set": "test",
      "participant": 38,
      "age": 79.0,
      "model": "individual",
      "n_params": 6,
      "nll": 313.2721455108826,
      "bic": 661.2287521165191,
      "seed": 264804398
    },
    {
      "set": "test",
      "participant": 39,
      "age": 50.0,
      "model": "individual",
      "n_params": 6,
      "nll": 307.1043283174632,
      "bic": 648.8931177296804,
      "seed": 863725064
    },
    {
      "set": "test",
      "participant": 41,
      "age": 67.0,
      "model": "individual",
      "n_params": 6,
      "nll": 330.9675077880831,
      "bic": 696.6194766709201,
      "seed": 4149600329
    },
    {
      "set": "test",
      "participant": 42,
      "age": 70.0,
      "model": "individual",
      "n_params": 6,
      "nll": 288.7953852844378,
      "bic": 612.2752316636296,
      "seed": 1392082600
    },
    {
      "set": "test",
      "participant": 43,
      "age": 78.0,
      "model": "individual",
      "n_params": 5,
      "nll": 228.0052562562527,
      "bic": 484.91423009146706,
      "seed": 3158196261
    },
    {
      "set": "test",
      "participant": 44,
      "age": 76.0,
      "model": "individual",
      "n_params": 6,
      "nll": 308.84320530503044,
      "bic": 652.3708717048148,
      "seed": 545838088
    },
    {
      "set": "test",
      "participant": 47,
      "age": 71.0,
      "model": "individual",
      "n_params": 5,
      "nll": 240.93211501832715,
      "bic": 510.767947615616,
      "seed": 3083995118
    },
    {
      "set": "test",
      "participant": 48,
      "age": 85.0,
      "model": "individual",
      "n_params": 5,
      "nll": 288.35210495533255,
      "bic": 605.6079274896267,
      "seed": 1649218930
    },
    {
      "set": "test",
      "participant": 50,
      "age": 80.0,
      "model": "individual",
      "n_params": 5,
      "nll": 316.29192459224413,
      "bic": 661.4875667634499,
      "seed": 1944579313
    }
  ]
}