{
  "stats": {
    "winner": "choice_stickiness+eligibility_trace+mb_mf_mixture+separate_learning_rates+separate_stage_betas+unchosen_value_decay_center",
    "n_params": 8,
    "val_mean_bic": 327.46831627949325,
    "test_mean_bic": {
      "hybrid_composed": 387.72850198840865,
      "hybrid": 404.29239118464073,
      "group": 410.8917237577392,
      "composed": 414.4206592126327,
      "individual": 379.6470307285207
    },
    "hybrid_composed_vs_hybrid": {
      "mean_delta": -16.563889196232143,
      "wins": 11,
      "ties": 0,
      "losses": 10,
      "wilcoxon_p": 0.08219528198242188
    },
    "hybrid_composed_vs_group": {
      "mean_delta": -23.16322176933063,
      "wins": 16,
      "ties": 0,
      "losses": 5,
      "wilcoxon_p": 0.0024824142456054688
    },
    "hybrid_composed_vs_composed": {
      "mean_delta": -26.692157224224058,
      "wins": 15,
      "ties": 0,
      "losses": 6,
      "wilcoxon_p": 0.0013742446899414062
    },
    "hybrid_composed_vs_individual": {
      "mean_delta": 8.081471259887921,
      "wins": 6,
      "ties": 0,
      "losses": 15,
      "wilcoxon_p": 0.06464958190917969
    }
  },
  "rows": [
    {
      "set": "test",
      "participant": 14,
      "model": "hybrid_composed",
      "n_params": 8,
      "nll": 232.25805029865998,
      "bic": 506.90263952970423,
      "seed": 2530799196
    },
    {
      "set": "test",
      "participant": 16,
      "model": "hybrid_composed",
      "n_params": 8,
      "nll": 203.7649552854877,
      "bic": 449.9164495033597,
      "seed": 1115832501
    },
    {
      "set": "test",
      "participant": 17,
      "model": "hybrid_composed",
      "n_params": 8,
      "nll": 160.0839128459808,
      "bic": 362.55436462434585,
      "seed": 1967910020
    },
    {
      "set": "test",
      "participant": 19,
      "model": "hybrid_composed",
      "n_params": 8,
      "nll": 199.5792715418937,
      "bic": 441.54508201617165,
      "seed": 3491095887
    },
    {
      "set": "test",
      "participant": 20,
      "model": "hybrid_composed",
      "n_params": 8,
      "nll": 124.53352887047333,
      "bic": 291.45359667333094,
      "seed": 1536027022
    },
    {
      "set": "test",
      "participant": 21,
      "model": "hybrid_composed",
      "n_params": 8,
      "nll": 124.45557548765997,
      "bic": 291.29768990770424,
      "seed": 663690450
    },
    {
      "set": "test",
      "participant": 25,
      "model": "hybrid_composed",
      "n_params": 8,
      "nll": 214.6079639526184,
      "bic": 471.6024668376211,
      "seed": 2203015331
    },
    {
      "set": "test",
      "participant": 26,
      "model": "hybrid_composed",
      "n_params": 8,
      "nll": 264.249487781893,
      "bic": 570.8855144961702,
      "seed": 3603646937
    },
    {
      "set": "test",
      "participant": 27,
      "model": "hybrid_composed",
      "n_params": 8,
      "nll": 142.89831422810408,
      "bic": 328.18316738859244,
      "seed": 843841910
    },
    {
      "set": "test",
      "participant": 28,
      "model": "hybrid_composed",
      "n_params": 8,
      "nll": 161.23116301010148,
      "bic": 364.84886495258723,
      "seed": 3578627997
    },
    {
      "set": "test",
      "participant": 29,
      "model": "hybrid_composed",
      "n_params": 8,
      "nll": 183.91157216452513,
      "bic": 410.2096832614345,
      "seed": 78329950
    },
    {
      "set": "test",
      "participant": 33,
      "model": "hybrid_composed",
      "n_params": 8,
      "nll": 223.80387481792891,
      "bic": 489.9942885682421,
      "seed": 78174125
    },
    {
      "set": "test",
      "participant": 34,
      "model": "hybrid_composed",
      "n_params": 8,
      "nll": 112.33536961923521,
      "bic": 267.0572781708547,
      "seed": 136518940
    },
    {
      "set": "test",
      "participant": 35,
      "model": "hybrid_composed",
      "n_params": 8,
      "nll": 223.0665472242457,
      "bic": 488.5196333808757,
      "seed": 4291014033
    },
    {
      "set": "test",
      "participant": 36,
      "model": "hybrid_composed",
      "n_params": 8,
      "nll": 152.1388217167648,
      "bic": 346.66418236591386,
      "seed": 2135536684
    },
    {
      "set": "test",
      "participant": 37,
      "model": "hybrid_composed",
      "n_params": 8,
      "nll": 129.5730348683352,
      "bic": 301.5326086690547,
      "seed": 1367549212
    },
    {
      "set": "test",
      "participant": 38,
      "model": "hybrid_composed",
      "n_params": 8,
      "nll": 138.1044393304478,
      "bic": 318.5954175932799,
      "seed": 3182554983
    },
    {
      "set": "test",
      "participant": 39,
      "model": "hybrid_composed",
      "n_params": 8,
      "nll": 162.20185549432526,
      "bic": 366.7902499210348,
      "seed": 2670308346
    },
    {
      "set": "test",
      "participant": 41,
      "model": "hybrid_composed",
      "n_params": 8,
      "nll": 147.82433936620396,
      "bic": 338.0352176647922,
      "seed": 2595844408
    },
    {
      "set": "test",
      "participant": 42,
      "model": "hybrid_composed",
      "n_params": 8,
      "nll": 144.5360851813996,
      "bic": 331.4587092951835,
      "seed": 1457316138
    },
    {
      "set": "test",
      "participant": 43,
      "model": "hybrid_composed",
      "n_params": 8,
      "nll": 180.9324490019719,
      "bic": 404.25143693632805,
      "seed": 1622646704
    }
  ]
}