{
  "stats": {
    "mean_bic": {
      "composed": 343.26605035974734,
      "group": 357.3938147386351,
      "hybrid": 371.42487742067146,
      "individual": 340.32841462769943
    },
    "composed_vs_group": {
      "wilcoxon_p": 3.8819791825517314e-10,
      "wins": 40,
      "ties": 3,
      "losses": 7,
      "mean_delta": -14.127764378887905
    },
    "composed_vs_hybrid": {
      "wilcoxon_p": 9.521272659185342e-13,
      "mean_delta": -28.15882706092421
    },
    "warnings": [
      "hybrid refit BIC differs from baseline_bic for p100: 378.65 vs 391.81",
      "hybrid refit BIC differs from baseline_bic for p101: 416.54 vs 422.41",
      "hybrid refit BIC differs from baseline_bic for p102: 264.15 vs 323.03",
      "hybrid refit BIC differs from baseline_bic for p105: 577.85 vs 589.15",
      "hybrid refit BIC differs from baseline_bic for p107: 406.31 vs 419.15",
      "hybrid refit BIC differs from baseline_bic for p108: 576.00 vs 583.39",
      "hybrid refit BIC differs from baseline_bic for p113: 280.01 vs 291.00",
      "hybrid refit BIC differs from baseline_bic for p114: 359.55 vs 365.33",
      "hybrid refit BIC differs from baseline_bic for p119: 334.60 vs 369.78",
      "hybrid refit BIC differs from baseline_bic for p120: 487.00 vs 492.73",
      "hybrid refit BIC differs from baseline_bic for p122: 296.65 vs 308.25",
      "hybrid refit BIC differs from baseline_bic for p129: 423.02 vs 489.71",
      "hybrid refit BIC differs from baseline_bic for p132: 385.26 vs 391.87",
      "hybrid refit BIC differs from baseline_bic for p137: 524.64 vs 591.61",
      "hybrid refit BIC differs from baseline_bic for p139: 327.03 vs 338.68",
      "hybrid refit BIC differs from baseline_bic for p140: 315.51 vs 363.17",
      "hybrid refit BIC differs from baseline_bic for p141: 404.80 vs 434.42",
      "hybrid refit BIC differs from baseline_bic for p146: 385.69 vs 393.24",
      "hybrid refit BIC differs from baseline_bic for p149: 339.67 vs 350.15"
    ]
  },
  "rows": [
    {
      "set": "validation",
      "participant": 50,
      "oci": 0.4666666666666667,
      "model": "composed",
      "n_params": 6,
      "nll": 155.00315544372293,
      "bic": 341.7962150867341,
      "seed": 829289751
    },
    {
      "set": "validation",
      "participant": 51,
      "oci": 0.2,
      "model": "composed",
      "n_params": 6,
      "nll": 156.1429364512466,
      "bic": 344.07577710178145,
      "seed": 342106487
    },
    {
      "set": "validation",
      "participant": 52,
      "oci": 0.1833333333333333,
      "model": "composed",
      "n_params": 6,
      "nll": 211.47240017929045,
      "bic": 454.7347045578691,
      "seed": 1985153931
    },
    {
      "set": "validation",
      "participant": 53,
      "oci": 0.4333333333333333,
      "model": "composed",
      "n_params": 6,
      "nll": 209.88593752794154,
      "bic": 451.5617792551713,
      "seed": 2100167376
    },
    {
      "set": "validation",
      "participant": 54,
      "oci": 0.3666666666666666,
      "model": "composed",
      "n_params": 6,
      "nll": 146.5327079038748,
      "bic": 324.85532000703785,
      "seed": 2401716672
    },
    {
      "set": "validation",
      "participant": 55,
      "oci": 0.2166666666666666,
      "model": "composed",
      "n_params": 6,
      "nll": 133.70687167015174,
      "bic": 299.2036475395917,
      "seed": 2543013311
    },
    {
      "set": "validation",
      "participant": 56,
      "oci": 0.1333333333333333,
      "model": "composed",
      "n_params": 6,
      "nll": 134.57213989019604,
      "bic": 300.9341839796803,
      "seed": 3606161273
    },
    {
      "set": "validation",
      "participant": 57,
      "oci": 0.15,
      "model": "composed",
      "n_params": 6,
      "nll": 191.5714625591622,
      "bic": 414.93282931761263,
      "seed": 4057989931
    },
    {
      "set": "validation",
      "participant": 58,
      "oci": 0.05,
      "model": "composed",
      "n_params": 6,
      "nll": 250.67215497266713,
      "bic": 533.1342141446224,
      "seed": 2342078592
    },
    {
      "set": "validation",
      "participant": 59,
      "oci": 0.35,
      "model": "composed",
      "n_params": 6,
      "nll": 129.71270388925902,
      "bic": 291.21531197780627,
      "seed": 3408315804
    },
    {
      "set": "validation",
      "participant": 60,
      "oci": 0.0666666666666666,
      "model": "composed",
      "n_params": 6,
      "nll": 259.39477716175816,
      "bic": 550.5794585228045,
      "seed": 1747620132
    },
    {
      "set": "validation",
      "participant": 61,
      "oci": 0.2833333333333333,
      "model": "composed",
      "n_params": 6,
      "nll": 179.70892107474938,
      "bic": 391.207746348787,
      "seed": 2448918487
    },
    {
      "set": "validation",
      "participant": 62,
      "oci": 0.5,
      "model": "composed",
      "n_params": 6,
      "nll": 71.99425002107702,
      "bic": 175.77840424144227,
      "seed": 3092950855
    },
    {
      "set": "validation",
      "participant": 63,
      "oci": 0.3833333333333333,
      "model": "composed",
      "n_params": 6,
      "nll": 199.40601315915913,
      "bic": 430.6019305176065,
      "seed": 2433063756
    },
    {
      "set": "validation",
      "participant": 64,
      "oci": 0.2166666666666666,
      "model": "composed",
      "n_params": 6,
      "nll": 114.33749132269408,
      "bic": 260.46488684467636,
      "seed": 392079346
    },
    {
      "set": "validation",
      "participant": 65,
      "oci": 0.1,
      "model": "composed",
      "n_params": 6,
      "nll": 230.0736939636495,
      "bic": 491.93729212658724,
      "seed": 1438835321
    },
    {
      "set": "validation",
      "participant": 66,
      "oci": 0.2166666666666666,
      "model": "composed",
      "n_params": 6,
      "nll": 150.19295846299283,
      "bic": 332.1758211252739,
      "seed": 2839053891
    },
    {
      "set": "validation",
      "participant": 67,
      "oci": 0.25,
      "model": "composed",
      "n_params": 6,
      "nll": 175.61231194078908,
      "bic": 383.0145280808664,
      "seed": 3775573489
    },
    {
      "set": "validation",
      "participant": 68,
      "oci": 0.4666666666666667,
      "model": "composed",
      "n_params": 6,
      "nll": 86.95938784658165,
      "bic": 205.70867989245153,
      "seed": 3988004849
    },
    {
      "set": "validation",
      "participant": 69,
      "oci": 0.6166666666666667,
      "model": "composed",
      "n_params": 6,
      "nll": 123.97215396120463,
      "bic": 279.73421212169745,
      "seed": 3535838203
    },
    {
      "set": "validation",
      "participant": 70,
      "oci": 0.0666666666666666,
      "model": "composed",
      "n_params": 6,
      "nll": 146.74487258256264,
      "bic": 325.2796493644135,
      "seed": 4072283630
    },
    {
      "set": "validation",
      "participant": 71,
      "oci": 0.1166666666666666,
      "model": "composed",
      "n_params": 6,
      "nll": 121.82791669896474,
      "bic": 275.4457375972177,
      "seed": 13651963
    },
    {
      "set": "validation",
      "participant": 72,
      "oci": 0.1166666666666666,
      "model": "composed",
      "n_params": 6,
      "nll": 144.74628704097918,
      "bic": 321.2824782812466,
      "seed": 184183505
    },
    {
      "set": "validation",
      "participant": 73,
      "oci": 0.4333333333333333,
      "model": "composed",
      "n_params": 6,
      "nll": 199.19222858367138,
      "bic": 430.174361366631,
      "seed": 3827676608
    },
    {
      "set": "validation",
      "participant": 74,
      "oci": 0.2833333333333333,
      "model": "composed",
      "n_params": 6,
      "nll": 134.44116155476885,
      "bic": 300.67222730882594,
      "seed": 1525789888
    },
    {
      "set": "validation",
      "participant": 75,
      "oci": 0.1333333333333333,
      "model": "composed",
      "n_params": 6,
      "nll": 211.11497120768811,
      "bic": 454.01984661466446,
      "seed": 3350218637
    },
    {
      "set": "validation",
      "participant": 76,
      "oci": 0.4,
      "model": "composed",
      "n_params": 6,
      "nll": 164.02352754524875,
      "bic": 359.83695928978574,
      "seed": 3983846572
    },
    {
      "set": "validation",
      "participant": 77,
      "oci": 0.6333333333333333,
      "model": "composed",
      "n_params": 6,
      "nll": 189.8322292717021,
      "bic": 411.4543627426924,
      "seed": 309732165
    },
    {
      "set": "validation",
      "participant": 78,
      "oci": 0.0833333333333333,
      "model": "composed",
      "n_params": 6,
      "nll": 113.7197928171475,
      "bic": 259.2294898335832,
      "seed": 154593481
    },
    {
      "set": "validation",
      "participant": 79,
      "oci": 0.5666666666666667,
      "model": "composed",
      "n_params": 6,
      "nll": 218.4908990329142,
      "bic": 468.77170226511663,
      "seed": 2145913533
    },
    {
      "set": "validation",
      "participant": 80,
      "oci": 0.15,
      "model": "composed",
      "n_params": 6,
      "nll": 182.26839694715858,
      "bic": 396.3266980936054,
      "seed": 4167390255
    },
    {
      "set": "validation",
      "participant": 81,
      "oci": 0.1333333333333333,
      "model": "composed",
      "n_params": 6,
      "nll": 148.20750781224064,
      "bic": 328.2049198237695,
      "seed": 4142652084
    },
    {
      "set": "validation",
      "participant": 82,
      "oci": 0.1,
      "model": "composed",
      "n_params": 6,
      "nll": 205.45499175702798,
      "bic": 442.6998877133442,
      "seed": 801761643
    },
    {
      "set": "validation",
      "participant": 83,
      "oci": 0.3666666666666666,
      "model": "composed",
      "n_params": 6,
      "nll": 204.37286410294524,
      "bic": 440.5356324051787,
      "seed": 1004999890
    },
    {
      "set": "validation",
      "participant": 84,
      "oci": 0.3833333333333333,
      "model": "composed",
      "n_params": 6,
      "nll": 125.42897397357861,
      "bic": 282.6478521464454,
      "seed": 3767339775
    },
    {
      "set": "validation",
      "participant": 85,
      "oci": 0.25,
      "model": "composed",
      "n_params": 6,
      "nll": 167.49311989238828,
      "bic": 366.7761439840648,
      "seed": 3776229727
    },
    {
      "set": "validation",
      "participant": 86,
      "oci": 0.1666666666666666,
      "model": "composed",
      "n_params": 6,
      "nll": 152.0177226477579,
      "bic": 335.825349494804,
      "seed": 3833711711
    },
    {
      "set": "validation",
      "participant": 87,
      "oci": 0.15,
      "model": "composed",
      "n_params": 6,
      "nll": 169.34217967825614,
      "bic": 370.4742635558005,
      "seed": 2737292476
    },
    {
      "set": "validation",
      "participant": 88,
      "oci": 0.3666666666666666,
      "model": "composed",
      "n_params": 6,
      "nll": 167.41760115443944,
      "bic": 366.6251065081671,
      "seed": 557123540
    },
    {
      "set": "validation",
      "participant": 89,
      "oci": 0.1666666666666666,
      "model": "composed",
      "n_params": 6,
      "nll": 228.9369473326844,
      "bic": 489.66379886465705,
      "seed": 1177080640
    },
    {
      "set": "validation",
      "participant": 90,
      "oci": 0.0333333333333333,
      "model": "composed",
      "n_params": 6,
      "nll": 147.80830556978967,
      "bic": 327.40651533886756,
      "seed": 4085084253
    },
    {
      "set": "validation",
      "participant": 91,
      "oci": 0.2333333333333333,
      "model": "composed",
      "n_params": 6,
      "nll": 195.1713445954118,
      "bic": 422.1325933901118,
      "seed": 2553156913
    },
    {
      "set": "validation",
      "participant": 92,
      "oci": 0.4666666666666667,
      "model": "composed",
      "n_params": 6,
      "nll": 224.42316140306008,
      "bic": 480.6362270054084,
      "seed": 1750065208
    },
    {
      "set": "validation",
      "participant": 93,
      "oci": 0.1666666666666666,
      "model": "composed",
      "n_params": 6,
      "nll": 214.9935799788856,
      "bic": 461.77706415705944,
      "seed": 4106360761
    },
    {
      "set": "validation",
      "participant": 94,
      "oci": 0.2166666666666666,
      "model": "composed",
      "n_params": 6,
      "nll": 215.876961517437,
      "bic": 463.5438272341622,
      "seed": 3324311342
    },
    {
      "set": "validation",
      "participant": 95,
      "oci": 0.1166666666666666,
      "model": "composed",
      "n_params": 6,
      "nll": 145.29002374626756,
      "bic": 322.36995169182336,
      "seed": 2443916637
    },
    {
      "set": "validation",
      "participant": 96,
      "oci": 0.1833333333333333,
      "model": "composed",
      "n_params": 6,
      "nll": 95.25703693120465,
      "bic": 222.30397806169753,
      "seed": 1631140200
    },
    {
      "set": "validation",
      "participant": 97,
      "oci": 0.0666666666666666,
      "model": "composed",
      "n_params": 6,
      "nll": 257.7635824443506,
      "bic": 547.3170690879895,
      "seed": 2498946927
    },
    {
      "set": "validation",
      "participant": 98,
      "oci": 0.2166666666666666,
      "model": "composed",
      "n_params": 6,
      "nll": 154.25068930891229,
      "bic": 340.2912828171128,
      "seed": 2164958501
    },
    {
      "set": "validation",
      "participant": 99,
      "oci": 0.5166666666666667,
      "model": "composed",
      "n_params": 6,
      "nll": 201.29672210605415,
      "bic": 434.3833484113965,
      "seed": 2291122959
    },
    {
      "set": "validation",
      "participant": 50,
      "oci": 0.4666666666666667,
      "model": "group",
      "n_params": 8,
      "nll": 152.43087912118204,
      "bic": 347.24829717474836,
      "seed": 708544167
    },
    {
      "set": "validation",
      "participant": 51,
      "oci": 0.2,
      "model": "group",
      "n_params": 8,
      "nll": 157.14814247779722,
      "bic": 356.6828238879787,
      "seed": 1427475479
    },
    {
      "set": "validation",
      "participant": 52,
      "oci": 0.1833333333333333,
      "model": "group",
      "n_params": 8,
      "nll": 209.28268923952857,
      "bic": 460.9519174114414,
      "seed": 4117542572
    },
    {
      "set": "validation",
      "participant": 53,
      "oci": 0.4333333333333333,
      "model": "group",
      "n_params": 8,
      "nll": 201.95412392259897,
      "bic": 446.2947867775822,
      "seed": 1629515163
    },
    {
      "set": "validation",
      "participant": 54,
      "oci": 0.3666666666666666,
      "model": "group",
      "n_params": 8,
      "nll": 149.07309463464406,
      "bic": 340.5327282016724,
      "seed": 27540466
    },
    {
      "set": "validation",
      "participant": 55,
      "oci": 0.2166666666666666,
      "model": "group",
      "n_params": 8,
      "nll": 135.66408060490716,
      "bic": 313.7147001421986,
      "seed": 3083121539
    },
    {
      "set": "validation",
      "participant": 56,
      "oci": 0.1333333333333333,
      "model": "group",
      "n_params": 8,
      "nll": 134.70212212160249,
      "bic": 311.79078317558924,
      "seed": 1892251665
    },
    {
      "set": "validation",
      "participant": 57,
      "oci": 0.15,
      "model": "group",
      "n_params": 8,
      "nll": 191.19484625869316,
      "bic": 424.7762314497706,
      "seed": 2881199633
    },
    {
      "set": "validation",
      "participant": 58,
      "oci": 0.05,
      "model": "group",
      "n_params": 8,
      "nll": 254.09271888495496,
      "bic": 550.5719767022943,
      "seed": 154680739
    },
    {
      "set": "validation",
      "participant": 59,
      "oci": 0.35,
      "model": "group",
      "n_params": 8,
      "nll": 133.34229102853897,
      "bic": 309.0711209894622,
      "seed": 1477650841
    },
    {
      "set": "validation",
      "participant": 60,
      "oci": 0.0666666666666666,
      "model": "group",
      "n_params": 8,
      "nll": 261.5105435460199,
      "bic": 565.4076260244241,
      "seed": 2706327034
    },
    {
      "set": "validation",
      "participant": 61,
      "oci": 0.2833333333333333,
      "model": "group",
      "n_params": 8,
      "nll": 185.19658176727563,
      "bic": 412.77970246693553,
      "seed": 2534589049
    },
    {
      "set": "validation",
      "participant": 62,
      "oci": 0.5,
      "model": "group",
      "n_params": 8,
      "nll": 78.50283392638619,
      "bic": 199.39220678515667,
      "seed": 3651333535
    },
    {
      "set": "validation",
      "participant": 63,
      "oci": 0.3833333333333333,
      "model": "group",
      "n_params": 8,
      "nll": 203.52478149334172,
      "bic": 449.4361019190677,
      "seed": 793290220
    },
    {
      "set": "validation",
      "participant": 64,
      "oci": 0.2166666666666666,
      "model": "group",
      "n_params": 8,
      "nll": 116.55492183555464,
      "bic": 275.49638260349354,
      "seed": 469493471
    },
    {
      "set": "validation",
      "participant": 65,
      "oci": 0.1,
      "model": "group",
      "n_params": 8,
      "nll": 234.99624882165944,
      "bic": 512.3790365757031,
      "seed": 59112219
    },
    {
      "set": "validation",
      "participant": 66,
      "oci": 0.2166666666666666,
      "model": "group",
      "n_params": 8,
      "nll": 161.82356232260497,
      "bic": 366.0336635775942,
      "seed": 890424315
    },
    {
      "set": "validation",
      "participant": 67,
      "oci": 0.25,
      "model": "group",
      "n_params": 8,
      "nll": 171.7341668000793,
      "bic": 385.85487253254286,
      "seed": 1220409956
    },
    {
      "set": "validation",
      "participant": 68,
      "oci": 0.4666666666666667,
      "model": "group",
      "n_params": 8,
      "nll": 93.1566253834371,
      "bic": 228.6997896992585,
      "seed": 185996697
    },
    {
      "set": "validation",
      "participant": 69,
      "oci": 0.6166666666666667,
      "model": "group",
      "n_params": 8,
      "nll": 124.28697822126327,
      "bic": 290.9604953749108,
      "seed": 2198135678
    },
    {
      "set": "validation",
      "participant": 70,
      "oci": 0.0666666666666666,
      "model": "group",
      "n_params": 8,
      "nll": 147.88746117231477,
      "bic": 338.1614612770138,
      "seed": 4106266449
    },
    {
      "set": "validation",
      "participant": 71,
      "oci": 0.1166666666666666,
      "model": "group",
      "n_params": 8,
      "nll": 117.41591519262076,
      "bic": 277.2183693176258,
      "seed": 3697026198
    },
    {
      "set": "validation",
      "participant": 72,
      "oci": 0.1166666666666666,
      "model": "group",
      "n_params": 8,
      "nll": 141.40904101910888,
      "bic": 325.20462097060204,
      "seed": 3116404905
    },
    {
      "set": "validation",
      "participant": 73,
      "oci": 0.4333333333333333,
      "model": "group",
      "n_params": 8,
      "nll": 197.51034785943375,
      "bic": 437.40723465125177,
      "seed": 4033402839
    },
    {
      "set": "validation",
      "participant": 74,
      "oci": 0.2833333333333333,
      "model": "group",
      "n_params": 8,
      "nll": 145.36117910818064,
      "bic": 333.10889714874554,
      "seed": 4043982319
    },
    {
      "set": "validation",
      "participant": 75,
      "oci": 0.1333333333333333,
      "model": "group",
      "n_params": 8,
      "nll": 207.78089003380427,
      "bic": 457.9483189999928,
      "seed": 1271731879
    },
    {
      "set": "validation",
      "participant": 76,
      "oci": 0.4,
      "model": "group",
      "n_params": 8,
      "nll": 162.39786583068752,
      "bic": 367.1822705937593,
      "seed": 946641915
    },
    {
      "set": "validation",
      "participant": 77,
      "oci": 0.6333333333333333,
      "model": "group",
      "n_params": 8,
      "nll": 195.3630037576395,
      "bic": 433.11254644766325,
      "seed": 2003128327
    },
    {
      "set": "validation",
      "participant": 78,
      "oci": 0.0833333333333333,
      "model": "group",
      "n_params": 8,
      "nll": 115.52860225949891,
      "bic": 273.4437434513821,
      "seed": 1023217517
    },
    {
      "set": "validation",
      "participant": 79,
      "oci": 0.5666666666666667,
      "model": "group",
      "n_params": 8,
      "nll": 217.42909121005263,
      "bic": 477.24472135248953,
      "seed": 2689382400
    },
    {
      "set": "validation",
      "participant": 80,
      "oci": 0.15,
      "model": "group",
      "n_params": 8,
      "nll": 177.2971345442333,
      "bic": 396.9808080208509,
      "seed": 1915214278
    },
    {
      "set": "validation",
      "participant": 81,
      "oci": 0.1333333333333333,
      "model": "group",
      "n_params": 8,
      "nll": 155.06610483627426,
      "bic": 352.5187486049328,
      "seed": 2480975637
    },
    {
      "set": "validation",
      "participant": 82,
      "oci": 0.1,
      "model": "group",
      "n_params": 8,
      "nll": 208.76307612316788,
      "bic": 459.91269117872,
      "seed": 3528967587
    },
    {
      "set": "validation",
      "participant": 83,
      "oci": 0.3666666666666666,
      "model": "group",
      "n_params": 8,
      "nll": 198.60578722180827,
      "bic": 439.5981133760008,
      "seed": 810805600
    },
    {
      "set": "validation",
      "participant": 84,
      "oci": 0.3833333333333333,
      "model": "group",
      "n_params": 8,
      "nll": 132.77123626841717,
      "bic": 307.9290114692186,
      "seed": 1888166943
    },
    {
      "set": "validation",
      "participant": 85,
      "oci": 0.25,
      "model": "group",
      "n_params": 8,
      "nll": 167.0331701420497,
      "bic": 376.45287921648367,
      "seed": 2862969861
    },
    {
      "set": "validation",
      "participant": 86,
      "oci": 0.1666666666666666,
      "model": "group",
      "n_params": 8,
      "nll": 162.81347000995612,
      "bic": 368.0134789522965,
      "seed": 685613490
    },
    {
      "set": "validation",
      "participant": 87,
      "oci": 0.15,
      "model": "group",
      "n_params": 8,
      "nll": 171.31476193071057,
      "bic": 385.0160627938054,
      "seed": 464504177
    },
    {
      "set": "validation",
      "participant": 88,
      "oci": 0.3666666666666666,
      "model": "group",
      "n_params": 8,
      "nll": 163.051448887967,
      "bic": 368.4894367083183,
      "seed": 356802117
    },
    {
      "set": "validation",
      "participant": 89,
      "oci": 0.1666666666666666,
      "model": "group",
      "n_params": 8,
      "nll": 229.2834255978956,
      "bic": 500.95339012817544,
      "seed": 2566082546
    },
    {
      "set": "validation",
      "participant": 90,
      "oci": 0.0333333333333333,
      "model": "group",
      "n_params": 8,
      "nll": 147.0239004014474,
      "bic": 336.4343397352791,
      "seed": 4113246210
    },
    {
      "set": "validation",
      "participant": 91,
      "oci": 0.2333333333333333,
      "model": "group",
      "n_params": 8,
      "nll": 199.72624256227726,
      "bic": 441.8390240569388,
      "seed": 1125186427
    },
    {
      "set": "validation",
      "participant": 92,
      "oci": 0.4666666666666667,
      "model": "group",
      "n_params": 8,
      "nll": 233.4749888036487,
      "bic": 509.33651653968167,
      "seed": 2695322353
    },
    {
      "set": "validation",
      "participant": 93,
      "oci": 0.1666666666666666,
      "model": "group",
      "n_params": 8,
      "nll": 220.14733001373546,
      "bic": 482.6811989598552,
      "seed": 3648334557
    },
    {
      "set": "validation",
      "participant": 94,
      "oci": 0.2166666666666666,
      "model": "group",
      "n_params": 8,
      "nll": 214.81679221263582,
      "bic": 472.0201233576559,
      "seed": 2217491139
    },
    {
      "set": "validation",
      "participant": 95,
      "oci": 0.1166666666666666,
      "model": "group",
      "n_params": 8,
      "nll": 145.2851398794129,
      "bic": 332.95681869121006,
      "seed": 2144720760
    },
    {
      "set": "validation",
      "participant": 96,
      "oci": 0.1833333333333333,
      "model": "group",
      "n_params": 8,
      "nll": 95.77778089726773,
      "bic": 233.94210072691976,
      "seed": 2120483844
    },
    {
      "set": "validation",
      "participant": 97,
      "oci": 0.0666666666666666,
      "model": "group",
      "n_params": 8,
      "nll": 258.30975457923137,
      "bic": 559.006048090847,
      "seed": 329092072
    },
    {
      "set": "validation",
      "participant": 98,
      "oci": 0.2166666666666666,
      "model": "group",
      "n_params": 8,
      "nll": 155.64939067274184,
      "bic": 353.68532027786796,
      "seed": 1987186317
    },
    {
      "set": "validation",
      "participant": 99,
      "oci": 0.5166666666666667,
      "model": "group",
      "n_params": 8,
      "nll": 205.680790909542,
      "bic": 453.74812075146826,
      "seed": 3249572769
    },
    {
      "set": "validation",
      "participant": 50,
      "oci": 0.4666666666666667,
      "model": "hybrid",
      "n_params": 7,
      "nll": 166.7654548563342,
      "bic": 370.61913127850465,
      "seed": 3891832961
    },
    {
      "set": "validation",
      "participant": 51,
      "oci": 0.2,
      "model": "hybrid",
      "n_params": 7,
      "nll": 172.74544828654683,
      "bic": 382.5791181389299,
      "seed": 1460401656
    },
    {
      "set": "validation",
      "participant": 52,
      "oci": 0.1833333333333333,
      "model": "hybrid",
      "n_params": 7,
      "nll": 211.08717874676034,
      "bic": 459.26257905935694,
      "seed": 2676645179
    },
    {
      "set": "validation",
      "participant": 53,
      "oci": 0.4333333333333333,
      "model": "hybrid",
      "n_params": 7,
      "nll": 232.4808222303964,
      "bic": 502.04986602662905,
      "seed": 3927961570
    },
    {
      "set": "validation",
      "participant": 54,
      "oci": 0.3666666666666666,
      "model": "hybrid",
      "n_params": 7,
      "nll": 157.43249298588722,
      "bic": 351.9532075376107,
      "seed": 192670582
    },
    {
      "set": "validation",
      "participant": 55,
      "oci": 0.2166666666666666,
      "model": "hybrid",
      "n_params": 7,
      "nll": 131.7916448041038,
      "bic": 300.67151117404387,
      "seed": 2037067940
    },
    {
      "set": "validation",
      "participant": 56,
      "oci": 0.1333333333333333,
      "model": "hybrid",
      "n_params": 7,
      "nll": 142.1471797899204,
      "bic": 321.382581145677,
      "seed": 146852485
    },
    {
      "set": "validation",
      "participant": 57,
      "oci": 0.15,
      "model": "hybrid",
      "n_params": 7,
      "nll": 209.23978615266293,
      "bic": 455.5677938711621,
      "seed": 1983085102
    },
    {
      "set": "validation",
      "participant": 58,
      "oci": 0.05,
      "model": "hybrid",
      "n_params": 7,
      "nll": 248.0274592501617,
      "bic": 533.1431400661597,
      "seed": 3827578196
    },
    {
      "set": "validation",
      "participant": 59,
      "oci": 0.35,
      "model": "hybrid",
      "n_params": 7,
      "nll": 137.2423926358502,
      "bic": 311.57300683753664,
      "seed": 1953909160
    },
    {
      "set": "validation",
      "participant": 60,
      "oci": 0.0666666666666666,
      "model": "hybrid",
      "n_params": 7,
      "nll": 255.844839116403,
      "bic": 548.7778997986422,
      "seed": 1227288385
    },
    {
      "set": "validation",
      "participant": 61,
      "oci": 0.2833333333333333,
      "model": "hybrid",
      "n_params": 7,
      "nll": 210.65928107269698,
      "bic": 458.4067837112302,
      "seed": 1887263934
    },
    {
      "set": "validation",
      "participant": 62,
      "oci": 0.5,
      "model": "hybrid",
      "n_params": 7,
      "nll": 66.74366149878728,
      "bic": 170.5755445634108,
      "seed": 614870317
    },
    {
      "set": "validation",
      "participant": 63,
      "oci": 0.3833333333333333,
      "model": "hybrid",
      "n_params": 7,
      "nll": 211.71445236963078,
      "bic": 460.5171263050978,
      "seed": 563728364
    },
    {
      "set": "validation",
      "participant": 64,
      "oci": 0.2166666666666666,
      "model": "hybrid",
      "n_params": 7,
      "nll": 129.95057903098206,
      "bic": 296.98937962780036,
      "seed": 3710515772
    },
    {
      "set": "validation",
      "participant": 65,
      "oci": 0.1,
      "model": "hybrid",
      "n_params": 7,
      "nll": 232.69290229536878,
      "bic": 502.4740261565738,
      "seed": 3611995078
    },
    {
      "set": "validation",
      "participant": 66,
      "oci": 0.2166666666666666,
      "model": "hybrid",
      "n_params": 7,
      "nll": 167.83704807505583,
      "bic": 372.7623177159479,
      "seed": 3658896739
    },
    {
      "set": "validation",
      "participant": 67,
      "oci": 0.25,
      "model": "hybrid",
      "n_params": 7,
      "nll": 182.12806988281105,
      "bic": 401.34436133145834,
      "seed": 2538126435
    },
    {
      "set": "validation",
      "participant": 68,
      "oci": 0.4666666666666667,
      "model": "hybrid",
      "n_params": 7,
      "nll": 103.46733944927543,
      "bic": 244.0229004643871,
      "seed": 1520864914
    },
    {
      "set": "validation",
      "participant": 69,
      "oci": 0.6166666666666667,
      "model": "hybrid",
      "n_params": 7,
      "nll": 125.7257321105756,
      "bic": 288.5396857869875,
      "seed": 966277735
    },
    {
      "set": "validation",
      "participant": 70,
      "oci": 0.0666666666666666,
      "model": "hybrid",
      "n_params": 7,
      "nll": 154.5220934278514,
      "bic": 346.132408421539,
      "seed": 4026364832
    },
    {
      "set": "validation",
      "participant": 71,
      "oci": 0.1166666666666666,
      "model": "hybrid",
      "n_params": 7,
      "nll": 121.43476963935632,
      "bic": 279.9577608445489,
      "seed": 1410359171
    },
    {
      "set": "validation",
      "participant": 72,
      "oci": 0.1166666666666666,
      "model": "hybrid",
      "n_params": 7,
      "nll": 147.19535257373494,
      "bic": 331.4789267133061,
      "seed": 267667492
    },
    {
      "set": "validation",
      "participant": 73,
      "oci": 0.4333333333333333,
      "model": "hybrid",
      "n_params": 7,
      "nll": 230.3471267471742,
      "bic": 497.78247506018465,
      "seed": 53917026
    },
    {
      "set": "validation",
      "participant": 74,
      "oci": 0.2833333333333333,
      "model": "hybrid",
      "n_params": 7,
      "nll": 145.9478252766824,
      "bic": 328.98387211920107,
      "seed": 666617085
    },
    {
      "set": "validation",
      "participant": 75,
      "oci": 0.1333333333333333,
      "model": "hybrid",
      "n_params": 7,
      "nll": 220.77705707840124,
      "bic": 478.64233572263873,
      "seed": 2919478608
    },
    {
      "set": "validation",
      "participant": 76,
      "oci": 0.4,
      "model": "hybrid",
      "n_params": 7,
      "nll": 160.83913256078677,
      "bic": 358.7664866874098,
      "seed": 1735051570
    },
    {
      "set": "validation",
      "participant": 77,
      "oci": 0.6333333333333333,
      "model": "hybrid",
      "n_params": 7,
      "nll": 195.41668151112788,
      "bic": 427.921584588092,
      "seed": 2886605230
    },
    {
      "set": "validation",
      "participant": 78,
      "oci": 0.0833333333333333,
      "model": "hybrid",
      "n_params": 7,
      "nll": 130.65268815164,
      "bic": 298.39359786911626,
      "seed": 1872483090
    },
    {
      "set": "validation",
      "participant": 79,
      "oci": 0.5666666666666667,
      "model": "hybrid",
      "n_params": 7,
      "nll": 246.1119409603831,
      "bic": 529.3121034866025,
      "seed": 4098909178
    },
    {
      "set": "validation",
      "participant": 80,
      "oci": 0.15,
      "model": "hybrid",
      "n_params": 7,
      "nll": 186.6423710531223,
      "bic": 410.37296367208086,
      "seed": 577562776
    },
    {
      "set": "validation",
      "participant": 81,
      "oci": 0.1333333333333333,
      "model": "hybrid",
      "n_params": 7,
      "nll": 180.0832572869836,
      "bic": 397.25473613980347,
      "seed": 1542250894
    },
    {
      "set": "validation",
      "participant": 82,
      "oci": 0.1,
      "model": "hybrid",
      "n_params": 7,
      "nll": 223.29173063188586,
      "bic": 483.67168282960796,
      "seed": 2056127432
    },
    {
      "set": "validation",
      "participant": 83,
      "oci": 0.3666666666666666,
      "model": "hybrid",
      "n_params": 7,
      "nll": 197.92131234852394,
      "bic": 432.93084626288413,
      "seed": 1784364742
    },
    {
      "set": "validation",
      "participant": 84,
      "oci": 0.3833333333333333,
      "model": "hybrid",
      "n_params": 7,
      "nll": 143.1097154357193,
      "bic": 323.30765243727484,
      "seed": 1985730068
    },
    {
      "set": "validation",
      "participant": 85,
      "oci": 0.25,
      "model": "hybrid",
      "n_params": 7,
      "nll": 174.31265434319792,
      "bic": 385.7135302522321,
      "seed": 4196211208
    },
    {
      "set": "validation",
      "participant": 86,
      "oci": 0.1666666666666666,
      "model": "hybrid",
      "n_params": 7,
      "nll": 170.29114097006078,
      "bic": 377.6705035059578,
      "seed": 3181275065
    },
    {
      "set": "validation",
      "participant": 87,
      "oci": 0.15,
      "model": "hybrid",
      "n_params": 7,
      "nll": 178.36564013469408,
      "bic": 393.8195018352244,
      "seed": 2831634343
    },
    {
      "set": "validation",
      "participant": 88,
      "oci": 0.3666666666666666,
      "model": "hybrid",
      "n_params": 7,
      "nll": 161.80889028073966,
      "bic": 360.70600212731557,
      "seed": 4139629162
    },
    {
      "set": "validation",
      "participant": 89,
      "oci": 0.1666666666666666,
      "model": "hybrid",
      "n_params": 7,
      "nll": 248.35274140597767,
      "bic": 533.7937043777916,
      "seed": 116875380
    },
    {
      "set": "validation",
      "participant": 90,
      "oci": 0.0333333333333333,
      "model": "hybrid",
      "n_params": 7,
      "nll": 153.75099534578382,
      "bic": 344.5902122574039,
      "seed": 3692340017
    },
    {
      "set": "validation",
      "participant": 91,
      "oci": 0.2333333333333333,
      "model": "hybrid",
      "n_params": 7,
      "nll": 210.71232511406905,
      "bic": 458.51287179397434,
      "seed": 22507938
    },
    {
      "set": "validation",
      "participant": 92,
      "oci": 0.4666666666666667,
      "model": "hybrid",
      "n_params": 7,
      "nll": 229.5675798857311,
      "bic": 496.22338133729846,
      "seed": 2809301241
    },
    {
      "set": "validation",
      "participant": 93,
      "oci": 0.1666666666666666,
      "model": "hybrid",
      "n_params": 7,
      "nll": 217.85678458322334,
      "bic": 472.80179073228294,
      "seed": 1018953559
    },
    {
      "set": "validation",
      "participant": 94,
      "oci": 0.2166666666666666,
      "model": "hybrid",
      "n_params": 7,
      "nll": 224.44928308805746,
      "bic": 485.98678774195116,
      "seed": 1969489611
    },
    {
      "set": "validation",
      "participant": 95,
      "oci": 0.1166666666666666,
      "model": "hybrid",
      "n_params": 7,
      "nll": 179.29983032457548,
      "bic": 395.6878822149872,
      "seed": 1550396998
    },
    {
      "set": "validation",
      "participant": 96,
      "oci": 0.1833333333333333,
      "model": "hybrid",
      "n_params": 7,
      "nll": 105.2621678846023,
      "bic": 247.61255733504086,
      "seed": 4025626626
    },
    {
      "set": "validation",
      "participant": 97,
      "oci": 0.0666666666666666,
      "model": "hybrid",
      "n_params": 7,
      "nll": 265.56412644855675,
      "bic": 568.2164744629498,
      "seed": 3807043244
    },
    {
      "set": "validation",
      "participant": 98,
      "oci": 0.2166666666666666,
      "model": "hybrid",
      "n_params": 7,
      "nll": 166.3247963411001,
      "bic": 369.73781424803644,
      "seed": 3009069705
    },
    {
      "set": "validation",
      "participant": 99,
      "oci": 0.5166666666666667,
      "model": "hybrid",
      "n_params": 7,
      "nll": 207.10075566765573,
      "bic": 451.2897329011477,
      "seed": 2687083813
    },
    {
      "set": "validation",
      "participant": 50,
      "oci": 0.4666666666666667,
      "model": "individual",
      "n_params": 6,
      "nll": 148.92371055132023,
      "bic": 329.6373253019287,
      "seed": 4054837394
    },
    {
      "set": "validation",
      "participant": 51,
      "oci": 0.2,
      "model": "individual",
      "n_params": 8,
      "nll": 153.66469882576968,
      "bic": 349.7159365839236,
      "seed": 921829275
    },
    {
      "set": "validation",
      "participant": 52,
      "oci": 0.1833333333333333,
      "model": "individual",
      "n_params": 8,
      "nll": 204.90662986069867,
      "bic": 452.1997986537816,
      "seed": 2098200316
    },
    {
      "set": "validation",
      "participant": 53,
      "oci": 0.4333333333333333,
      "model": "individual",
      "n_params": 7,
      "nll": 199.26557335437136,
      "bic": 435.61936827457896,
      "seed": 3266160060
    },
    {
      "set": "validation",
      "participant": 54,
      "oci": 0.3666666666666666,
      "model": "individual",
      "n_params": 8,
      "nll": 127.05666523149212,
      "bic": 296.49986939536853,
      "seed": 1831345070
    },
    {
      "set": "validation",
      "participant": 55,
      "oci": 0.2166666666666666,
      "model": "individual",
      "n_params": 4,
      "nll": 132.17140606843316,
      "bic": 285.53608160305845,
      "seed": 2368340455
    },
    {
      "set": "validation",
      "participant": 56,
      "oci": 0.1333333333333333,
      "model": "individual",
      "n_params": 7,
      "nll": 135.8697925085733,
      "bic": 308.8278065829829,
      "seed": 2958764681
    },
    {
      "set": "validation",
      "participant": 57,
      "oci": 0.15,
      "model": "individual",
      "n_params": 8,
      "nll": 178.95883103259393,
      "bic": 400.30420099757214,
      "seed": 2399145803
    },
    {
      "set": "validation",
      "participant": 58,
      "oci": 0.05,
      "model": "individual",
      "n_params": 7,
      "nll": 244.08789638485564,
      "bic": 525.2640143355476,
      "seed": 3979225986
    },
    {
      "set": "validation",
      "participant": 59,
      "oci": 0.35,
      "model": "individual",
      "n_params": 8,
      "nll": 129.38528469836575,
      "bic": 301.1571083291158,
      "seed": 933283704
    },
    {
      "set": "validation",
      "participant": 60,
      "oci": 0.0666666666666666,
      "model": "individual",
      "n_params": 5,
      "nll": 257.94296815151756,
      "bic": 542.3775231357753,
      "seed": 3838438222
    },
    {
      "set": "validation",
      "participant": 61,
      "oci": 0.2833333333333333,
      "model": "individual",
      "n_params": 8,
      "nll": 180.38470022308465,
      "bic": 403.15593937855357,
      "seed": 2144894661
    },
    {
      "set": "validation",
      "participant": 62,
      "oci": 0.5,
      "model": "individual",
      "n_params": 5,
      "nll": 65.34496916163097,
      "bic": 157.18152515600212,
      "seed": 610565446
    },
    {
      "set": "validation",
      "participant": 63,
      "oci": 0.3833333333333333,
      "model": "individual",
      "n_params": 7,
      "nll": 189.45240852198816,
      "bic": 415.9930386098126,
      "seed": 1915683288
    },
    {
      "set": "validation",
      "participant": 64,
      "oci": 0.2166666666666666,
      "model": "individual",
      "n_params": 6,
      "nll": 116.30873104439841,
      "bic": 264.40736628808503,
      "seed": 4004697703
    },
    {
      "set": "validation",
      "participant": 65,
      "oci": 0.1,
      "model": "individual",
      "n_params": 4,
      "nll": 232.38012862294136,
      "bic": 485.95352671207485,
      "seed": 1233379478
    },
    {
      "set": "validation",
      "participant": 66,
      "oci": 0.2166666666666666,
      "model": "individual",
      "n_params": 8,
      "nll": 144.34484756220786,
      "bic": 331.0762340568,
      "seed": 1532454089
    },
    {
      "set": "validation",
      "participant": 67,
      "oci": 0.25,
      "model": "individual",
      "n_params": 8,
      "nll": 164.7536340153948,
      "bic": 371.89380696317386,
      "seed": 1485197319
    },
    {
      "set": "validation",
      "participant": 68,
      "oci": 0.4666666666666667,
      "model": "individual",
      "n_params": 7,
      "nll": 82.89153833122185,
      "bic": 202.87129822827995,
      "seed": 2991855562
    },
    {
      "set": "validation",
      "participant": 69,
      "oci": 0.6166666666666667,
      "model": "individual",
      "n_params": 7,
      "nll": 118.02803180618129,
      "bic": 273.14428517819886,
      "seed": 1068619556
    },
    {
      "set": "validation",
      "participant": 70,
      "oci": 0.0666666666666666,
      "model": "individual",
      "n_params": 8,
      "nll": 146.43295003414556,
      "bic": 335.2524390006754,
      "seed": 3966483242
    },
    {
      "set": "validation",
      "participant": 71,
      "oci": 0.1166666666666666,
      "model": "individual",
      "n_params": 8,
      "nll": 113.16047138073338,
      "bic": 268.70748169385104,
      "seed": 2844161128
    },
    {
      "set": "validation",
      "participant": 72,
      "oci": 0.1166666666666666,
      "model": "individual",
      "n_params": 7,
      "nll": 140.55074760827432,
      "bic": 318.1897167823849,
      "seed": 1288998438
    },
    {
      "set": "validation",
      "participant": 73,
      "oci": 0.4333333333333333,
      "model": "individual",
      "n_params": 6,
      "nll": 197.2272982449212,
      "bic": 426.24450068913063,
      "seed": 2404613910
    },
    {
      "set": "validation",
      "participant": 74,
      "oci": 0.2833333333333333,
      "model": "individual",
      "n_params": 7,
      "nll": 139.469368237553,
      "bic": 316.02695804094225,
      "seed": 3040499104
    },
    {
      "set": "validation",
      "participant": 75,
      "oci": 0.1333333333333333,
      "model": "individual",
      "n_params": 8,
      "nll": 184.66684726417057,
      "bic": 411.7202334607254,
      "seed": 2188795397
    },
    {
      "set": "validation",
      "participant": 76,
      "oci": 0.4,
      "model": "individual",
      "n_params": 5,
      "nll": 162.9439563347159,
      "bic": 352.37949950217194,
      "seed": 3438728382
    },
    {
      "set": "validation",
      "participant": 77,
      "oci": 0.6333333333333333,
      "model": "individual",
      "n_params": 8,
      "nll": 184.77399785850292,
      "bic": 411.9345346493901,
      "seed": 1895322681
    },
    {
      "set": "validation",
      "participant": 78,
      "oci": 0.0833333333333333,
      "model": "individual",
      "n_params": 8,
      "nll": 110.02143377632724,
      "bic": 262.4294064850388,
      "seed": 3681057746
    },
    {
      "set": "validation",
      "participant": 79,
      "oci": 0.5666666666666667,
      "model": "individual",
      "n_params": 7,
      "nll": 211.92639971945096,
      "bic": 460.94102100473816,
      "seed": 3352026383
    },
    {
      "set": "validation",
      "participant": 80,
      "oci": 0.15,
      "model": "individual",
      "n_params": 8,
      "nll": 164.82219665225912,
      "bic": 372.0309322369025,
      "seed": 3563050772
    },
    {
      "set": "validation",
      "participant": 81,
      "oci": 0.1333333333333333,
      "model": "individual",
      "n_params": 7,
      "nll": 154.54945588757525,
      "bic": 346.18713334098675,
      "seed": 1860533287
    },
    {
      "set": "validation",
      "participant": 82,
      "oci": 0.1,
      "model": "individual",
      "n_params": 7,
      "nll": 208.59724071255243,
      "bic": 454.2827029909411,
      "seed": 2493252137
    },
    {
      "set": "validation",
      "participant": 83,
      "oci": 0.3666666666666666,
      "model": "individual",
      "n_params": 8,
      "nll": 192.20013555257418,
      "bic": 426.78681003753263,
      "seed": 107558923
    },
    {
      "set": "validation",
      "participant": 84,
      "oci": 0.3833333333333333,
      "model": "individual",
      "n_params": 8,
      "nll": 127.37988424762065,
      "bic": 297.1463074276256,
      "seed": 3166542338
    },
    {
      "set": "validation",
      "participant": 85,
      "oci": 0.25,
      "model": "individual",
      "n_params": 7,
      "nll": 164.95245627993637,
      "bic": 366.993134125709,
      "seed": 1082288545
    },
    {
      "set": "validation",
      "participant": 86,
      "oci": 0.1666666666666666,
      "model": "individual",
      "n_params": 8,
      "nll": 152.19199507125282,
      "bic": 346.7705290748899,
      "seed": 2252333048
    },
    {
      "set": "validation",
      "participant": 87,
      "oci": 0.15,
      "model": "individual",
      "n_params": 8,
      "nll": 161.4880078552369,
      "bic": 365.3625546428581,
      "seed": 3481197286
    },
    {
      "set": "validation",
      "participant": 88,
      "oci": 0.3666666666666666,
      "model": "individual",
      "n_params": 8,
      "nll": 144.2678211340239,
      "bic": 330.9221812004321,
      "seed": 3555096195
    },
    {
      "set": "validation",
      "participant": 89,
      "oci": 0.1666666666666666,
      "model": "individual",
      "n_params": 7,
      "nll": 229.2696664415115,
      "bic": 495.62755444885926,
      "seed": 1654457971
    },
    {
      "set": "validation",
      "participant": 90,
      "oci": 0.0333333333333333,
      "model": "individual",
      "n_params": 7,
      "nll": 147.63620169854315,
      "bic": 332.36062496292254,
      "seed": 145794692
    },
    {
      "set": "validation",
      "participant": 91,
      "oci": 0.2333333333333333,
      "model": "individual",
      "n_params": 8,
      "nll": 184.7727261229158,
      "bic": 411.93199117821587,
      "seed": 3621971169
    },
    {
      "set": "validation",
      "participant": 92,
      "oci": 0.4666666666666667,
      "model": "individual",
      "n_params": 7,
      "nll": 221.71932563372135,
      "bic": 480.52687283327896,
      "seed": 2764200423
    },
    {
      "set": "validation",
      "participant": 93,
      "oci": 0.1666666666666666,
      "model": "individual",
      "n_params": 7,
      "nll": 209.06719750726955,
      "bic": 455.22261658037536,
      "seed": 1654805197
    },
    {
      "set": "validation",
      "participant": 94,
      "oci": 0.2166666666666666,
      "model": "individual",
      "n_params": 8,
      "nll": 206.7397721793331,
      "bic": 455.8660832910505,
      "seed": 3620432211
    },
    {
      "set": "validation",
      "participant": 95,
      "oci": 0.1166666666666666,
      "model": "individual",
      "n_params": 8,
      "nll": 137.03376751278518,
      "bic": 316.4540739579546,
      "seed": 2055206244
    },
    {
      "set": "validation",
      "participant": 96,
      "oci": 0.1833333333333333,
      "model": "individual",
      "n_params": 7,
      "nll": 95.33742116145262,
      "bic": 227.7630638887415,
      "seed": 933935171
    },
    {
      "set": "validation",
      "participant": 97,
      "oci": 0.0666666666666666,
      "model": "individual",
      "n_params": 8,
      "nll": 245.1513035395116,
      "bic": 532.6891460114075,
      "seed": 1707516126
    },
    {
      "set": "validation",
      "participant": 98,
      "oci": 0.2166666666666666,
      "model": "individual",
      "n_params": 8,
      "nll": 152.7519126115094,
      "bic": 347.89036415540306,
      "seed": 550434593
    },
    {
      "set": "validation",
      "participant": 99,
      "oci": 0.5166666666666667,
      "model": "individual",
      "n_params": 8,
      "nll": 185.62243709185478,
      "bic": 413.6314131160938,
      "seed": 3109461449
    },
    {
      "set": "test",
      "participant": 100,
      "oci": 0.1333333333333333,
      "model": "composed",
      "n_params": 6,
      "nll": 138.85023730499734,
      "bic": 309.4903788092829,
      "seed": 3364059520
    },
    {
      "set": "test",
      "participant": 101,
      "oci": 0.3333333333333333,
      "model": "composed",
      "n_params": 6,
      "nll": 149.6097585505002,
      "bic": 331.00942130028864,
      "seed": 332033751
    },
    {
      "set": "test",
      "participant": 102,
      "oci": 0.1166666666666666,
      "model": "composed",
      "n_params": 6,
      "nll": 116.56301084554362,
      "bic": 264.91592589037543,
      "seed": 3832230257
    },
    {
      "set": "test",
      "participant": 103,
      "oci": 0.6333333333333333,
      "model": "composed",
      "n_params": 6,
      "nll": 115.38038096927042,
      "bic": 262.55066613782907,
      "seed": 525008141
    },
    {
      "set": "test",
      "participant": 104,
      "oci": 0.1666666666666666,
      "model": "composed",
      "n_params": 6,
      "nll": 136.2642672187051,
      "bic": 304.31843863669843,
      "seed": 1582152385
    },
    {
      "set": "test",
      "participant": 105,
      "oci": 0.1333333333333333,
      "model": "composed",
      "n_params": 6,
      "nll": 267.72501128094166,
      "bic": 567.2399267611715,
      "seed": 1962100622
    },
    {
      "set": "test",
      "participant": 106,
      "oci": 0.3166666666666666,
      "model": "composed",
      "n_params": 6,
      "nll": 136.28251372071927,
      "bic": 304.35493164072676,
      "seed": 3687978196
    },
    {
      "set": "test",
      "participant": 107,
      "oci": 0.1666666666666666,
      "model": "composed",
      "n_params": 6,
      "nll": 191.85348004214234,
      "bic": 415.4968642835729,
      "seed": 3638861280
    },
    {
      "set": "test",
      "participant": 108,
      "oci": 0.2833333333333333,
      "model": "composed",
      "n_params": 6,
      "nll": 264.51917551251387,
      "bic": 560.828255224316,
      "seed": 2604852795
    },
    {
      "set": "test",
      "participant": 109,
      "oci": 0.8666666666666667,
      "model": "composed",
      "n_params": 6,
      "nll": 190.88293213207461,
      "bic": 413.55576846343746,
      "seed": 1045502741
    },
    {
      "set": "test",
      "participant": 110,
      "oci": 0.2,
      "model": "composed",
      "n_params": 6,
      "nll": 211.6687727772467,
      "bic": 455.1274497537816,
      "seed": 2629052066
    },
    {
      "set": "test",
      "participant": 111,
      "oci": 0.6,
      "model": "composed",
      "n_params": 6,
      "nll": 208.97552919405442,
      "bic": 449.74096258739706,
      "seed": 1974787327
    },
    {
      "set": "test",
      "participant": 112,
      "oci": 0.2166666666666666,
      "model": "composed",
      "n_params": 6,
      "nll": 185.5362359737541,
      "bic": 402.8623761467964,
      "seed": 2491937340
    },
    {
      "set": "test",
      "participant": 113,
      "oci": 0.5333333333333333,
      "model": "composed",
      "n_params": 6,
      "nll": 103.13245329665763,
      "bic": 238.05481079260346,
      "seed": 1333285652
    },
    {
      "set": "test",
      "participant": 114,
      "oci": 0.15,
      "model": "composed",
      "n_params": 6,
      "nll": 151.45791530650055,
      "bic": 334.70573481228934,
      "seed": 3050850278
    },
    {
      "set": "test",
      "participant": 115,
      "oci": 0.2166666666666666,
      "model": "composed",
      "n_params": 6,
      "nll": 139.69767007090522,
      "bic": 311.18524434109867,
      "seed": 209216403
    },
    {
      "set": "test",
      "participant": 116,
      "oci": 0.3833333333333333,
      "model": "composed",
      "n_params": 6,
      "nll": 186.35269270252303,
      "bic": 404.4952896043343,
      "seed": 717847446
    },
    {
      "set": "test",
      "participant": 117,
      "oci": 0.5666666666666667,
      "model": "composed",
      "n_params": 6,
      "nll": 192.47186714746172,
      "bic": 416.7336384942117,
      "seed": 3974360123
    },
    {
      "set": "test",
      "participant": 118,
      "oci": 0.15,
      "model": "composed",
      "n_params": 6,
      "nll": 217.9089129904932,
      "bic": 467.60773018027464,
      "seed": 1268298224
    },
    {
      "set": "test",
      "participant": 119,
      "oci": 0.35,
      "model": "composed",
      "n_params": 6,
      "nll": 138.76666183981055,
      "bic": 309.32322787890934,
      "seed": 1786413272
    },
    {
      "set": "test",
      "participant": 120,
      "oci": 0.0833333333333333,
      "model": "composed",
      "n_params": 6,
      "nll": 230.7338795296959,
      "bic": 493.25766325868005,
      "seed": 172861220
    },
    {
      "set": "test",
      "participant": 121,
      "oci": 0.25,
      "model": "composed",
      "n_params": 6,
      "nll": 139.04628927238664,
      "bic": 309.8824827440615,
      "seed": 3488921993
    },
    {
      "set": "test",
      "participant": 122,
      "oci": 0.3,
      "model": "composed",
      "n_params": 6,
      "nll": 131.2683899978236,
      "bic": 294.3266841949354,
      "seed": 4000142841
    },
    {
      "set": "test",
      "participant": 123,
      "oci": 0.05,
      "model": "composed",
      "n_params": 6,
      "nll": 165.58553600345672,
      "bic": 362.9609762062017,
      "seed": 3374501940
    },
    {
      "set": "test",
      "participant": 124,
      "oci": 0.5,
      "model": "composed",
      "n_params": 6,
      "nll": 152.14312708262204,
      "bic": 336.0761583645323,
      "seed": 1249406489
    },
    {
      "set": "test",
      "participant": 125,
      "oci": 0.7,
      "model": "composed",
      "n_params": 6,
      "nll": 269.5887786518787,
      "bic": 570.9674615030457,
      "seed": 2704363855
    },
    {
      "set": "test",
      "participant": 126,
      "oci": 0.2333333333333333,
      "model": "composed",
      "n_params": 6,
      "nll": 76.06658229597264,
      "bic": 183.9230687912335,
      "seed": 1254911651
    },
    {
      "set": "test",
      "participant": 127,
      "oci": 0.35,
      "model": "composed",
      "n_params": 6,
      "nll": 146.5597999515595,
      "bic": 324.90950410240725,
      "seed": 3007087701
    },
    {
      "set": "test",
      "participant": 128,
      "oci": 0.15,
      "model": "composed",
      "n_params": 6,
      "nll": 61.98124099690059,
      "bic": 155.7523861930894,
      "seed": 4254678843
    },
    {
      "set": "test",
      "participant": 129,
      "oci": 0.1166666666666666,
      "model": "composed",
      "n_params": 6,
      "nll": 183.26631318340858,
      "bic": 398.3225305661054,
      "seed": 4107953443
    },
    {
      "set": "test",
      "participant": 130,
      "oci": 0.0666666666666666,
      "model": "composed",
      "n_params": 6,
      "nll": 71.78836618354501,
      "bic": 175.36663656637825,
      "seed": 2662579742
    },
    {
      "set": "test",
      "participant": 131,
      "oci": 0.1833333333333333,
      "model": "composed",
      "n_params": 6,
      "nll": 136.34665797444117,
      "bic": 304.4832201481706,
      "seed": 3046296238
    },
    {
      "set": "test",
      "participant": 132,
      "oci": 0.05,
      "model": "composed",
      "n_params": 6,
      "nll": 160.78233020945754,
      "bic": 353.3545646182033,
      "seed": 1299464579
    },
    {
      "set": "test",
      "participant": 133,
      "oci": 0.0666666666666666,
      "model": "composed",
      "n_params": 6,
      "nll": 138.30993114841448,
      "bic": 308.4097664961172,
      "seed": 722583475
    },
    {
      "set": "test",
      "participant": 134,
      "oci": 0.1,
      "model": "composed",
      "n_params": 6,
      "nll": 164.1709923202024,
      "bic": 360.13188883969303,
      "seed": 3307006596
    },
    {
      "set": "test",
      "participant": 135,
      "oci": 0.2166666666666666,
      "model": "composed",
      "n_params": 6,
      "nll": 172.88712435792914,
      "bic": 377.5641529151465,
      "seed": 815253293
    },
    {
      "set": "test",
      "participant": 136,
      "oci": 0.2666666666666666,
      "model": "composed",
      "n_params": 6,
      "nll": 127.1548423441952,
      "bic": 286.09958888767864,
      "seed": 474350359
    },
    {
      "set": "test",
      "participant": 137,
      "oci": 0.45,
      "model": "composed",
      "n_params": 6,
      "nll": 241.5231244021611,
      "bic": 514.8361530036104,
      "seed": 3814359235
    },
    {
      "set": "test",
      "participant": 138,
      "oci": 0.35,
      "model": "composed",
      "n_params": 6,
      "nll": 78.07381820984295,
      "bic": 187.93754061897414,
      "seed": 2626072180
    },
    {
      "set": "test",
      "participant": 139,
      "oci": 0.1333333333333333,
      "model": "composed",
      "n_params": 6,
      "nll": 138.08289041416134,
      "bic": 307.9556850276109,
      "seed": 3729020316
    },
    {
      "set": "test",
      "participant": 140,
      "oci": 0.2833333333333333,
      "model": "composed",
      "n_params": 6,
      "nll": 126.69940094254633,
      "bic": 285.1887060843809,
      "seed": 3207813522
    },
    {
      "set": "test",
      "participant": 141,
      "oci": 0.1166666666666666,
      "model": "composed",
      "n_params": 6,
      "nll": 166.16552032247517,
      "bic": 364.1209448442386,
      "seed": 2231896446
    },
    {
      "set": "test",
      "participant": 142,
      "oci": 0.2333333333333333,
      "model": "composed",
      "n_params": 6,
      "nll": 103.35903105152585,
      "bic": 238.50796630233992,
      "seed": 1498728790
    },
    {
      "set": "test",
      "participant": 143,
      "oci": 0.0666666666666666,
      "model": "composed",
      "n_params": 6,
      "nll": 126.29463431580145,
      "bic": 284.3791728308911,
      "seed": 2711883630
    },
    {
      "set": "test",
      "participant": 144,
      "oci": 0.3,
      "model": "composed",
      "n_params": 6,
      "nll": 132.38923410846346,
      "bic": 296.56837241621514,
      "seed": 4089080883
    },
    {
      "set": "test",
      "participant": 145,
      "oci": 0.3,
      "model": "composed",
      "n_params": 6,
      "nll": 122.11801776317282,
      "bic": 276.02593972563386,
      "seed": 3029573141
    },
    {
      "set": "test",
      "participant": 146,
      "oci": 0.3666666666666666,
      "model": "composed",
      "n_params": 6,
      "nll": 152.69245495504285,
      "bic": 337.1748141093739,
      "seed": 2639067750
    },
    {
      "set": "test",
      "participant": 147,
      "oci": 0.3,
      "model": "composed",
      "n_params": 6,
      "nll": 156.72897934752524,
      "bic": 345.2478628943387,
      "seed": 3890211877
    },
    {
      "set": "test",
      "participant": 148,
      "oci": 0.3166666666666666,
      "model": "composed",
      "n_params": 6,
      "nll": 133.58976203550688,
      "bic": 298.969428270302,
      "seed": 1066411294
    },
    {
      "set": "test",
      "participant": 149,
      "oci": 0.35,
      "model": "composed",
      "n_params": 6,
      "nll": 137.60712576254423,
      "bic": 307.0041557243767,
      "seed": 2174562913
    },
    {
      "set": "test",
      "participant": 100,
      "oci": 0.1333333333333333,
      "model": "group",
      "n_params": 8,
      "nll": 141.55055152108184,
      "bic": 325.48764197454796,
      "seed": 116132679
    },
    {
      "set": "test",
      "participant": 101,
      "oci": 0.3333333333333333,
      "model": "group",
      "n_params": 8,
      "nll": 149.99055669065808,
      "bic": 342.36765231370043,
      "seed": 4002840817
    },
    {
      "set": "test",
      "participant": 102,
      "oci": 0.1166666666666666,
      "model": "group",
      "n_params": 8,
      "nll": 136.31726033931216,
      "bic": 315.0210596110086,
      "seed": 3287622977
    },
    {
      "set": "test",
      "participant": 103,
      "oci": 0.6333333333333333,
      "model": "group",
      "n_params": 8,
      "nll": 120.71957749144363,
      "bic": 283.82569391527153,
      "seed": 3322742849
    },
    {
      "set": "test",
      "participant": 104,
      "oci": 0.1666666666666666,
      "model": "group",
      "n_params": 8,
      "nll": 130.5097371127448,
      "bic": 303.4060131578739,
      "seed": 3634430397
    },
    {
      "set": "test",
      "participant": 105,
      "oci": 0.1333333333333333,
      "model": "group",
      "n_params": 8,
      "nll": 272.5485786774839,
      "bic": 587.483696287352,
      "seed": 2084043225
    },
    {
      "set": "test",
      "participant": 106,
      "oci": 0.3166666666666666,
      "model": "group",
      "n_params": 8,
      "nll": 129.04649502146185,
      "bic": 300.47952897530797,
      "seed": 2076825519
    },
    {
      "set": "test",
      "participant": 107,
      "oci": 0.1666666666666666,
      "model": "group",
      "n_params": 8,
      "nll": 184.1603715868632,
      "bic": 410.70728210611065,
      "seed": 1745857542
    },
    {
      "set": "test",
      "participant": 108,
      "oci": 0.2833333333333333,
      "model": "group",
      "n_params": 8,
      "nll": 268.57518957079645,
      "bic": 579.5369180739772,
      "seed": 2577618228
    },
    {
      "set": "test",
      "participant": 109,
      "oci": 0.8666666666666667,
      "model": "group",
      "n_params": 8,
      "nll": 188.9343396167499,
      "bic": 420.25521816588406,
      "seed": 3146103015
    },
    {
      "set": "test",
      "participant": 110,
      "oci": 0.2,
      "model": "group",
      "n_params": 8,
      "nll": 212.60769698413193,
      "bic": 467.60193290064814,
      "seed": 2689863160
    },
    {
      "set": "test",
      "participant": 111,
      "oci": 0.6,
      "model": "group",
      "n_params": 8,
      "nll": 200.56721933477417,
      "bic": 443.5209776019326,
      "seed": 1161166038
    },
    {
      "set": "test",
      "participant": 112,
      "oci": 0.2166666666666666,
      "model": "group",
      "n_params": 8,
      "nll": 188.56610344684432,
      "bic": 419.5187458260729,
      "seed": 2087554881
    },
    {
      "set": "test",
      "participant": 113,
      "oci": 0.5333333333333333,
      "model": "group",
      "n_params": 8,
      "nll": 111.13923078916622,
      "bic": 264.6650005107167,
      "seed": 1606964109
    },
    {
      "set": "test",
      "participant": 114,
      "oci": 0.15,
      "model": "group",
      "n_params": 8,
      "nll": 150.22191611857852,
      "bic": 342.8303711695413,
      "seed": 4245745633
    },
    {
      "set": "test",
      "participant": 115,
      "oci": 0.2166666666666666,
      "model": "group",
      "n_params": 8,
      "nll": 133.49564105142355,
      "bic": 309.37782103523136,
      "seed": 2620436529
    },
    {
      "set": "test",
      "participant": 116,
      "oci": 0.3833333333333333,
      "model": "group",
      "n_params": 8,
      "nll": 186.09516524552438,
      "bic": 414.57686942343304,
      "seed": 2948318553
    },
    {
      "set": "test",
      "participant": 117,
      "oci": 0.5666666666666667,
      "model": "group",
      "n_params": 8,
      "nll": 184.40732652014702,
      "bic": 411.2011919726783,
      "seed": 475792052
    },
    {
      "set": "test",
      "participant": 118,
      "oci": 0.15,
      "model": "group",
      "n_params": 8,
      "nll": 215.26867206706083,
      "bic": 472.92388306650594,
      "seed": 515294863
    },
    {
      "set": "test",
      "participant": 119,
      "oci": 0.35,
      "model": "group",
      "n_params": 8,
      "nll": 153.08320206320752,
      "bic": 348.5529430587993,
      "seed": 60394640
    },
    {
      "set": "test",
      "participant": 120,
      "oci": 0.0833333333333333,
      "model": "group",
      "n_params": 8,
      "nll": 223.71476080806576,
      "bic": 489.8160605485158,
      "seed": 1241404003
    },
    {
      "set": "test",
      "participant": 121,
      "oci": 0.25,
      "model": "group",
      "n_params": 8,
      "nll": 140.3005705738622,
      "bic": 322.98768008010865,
      "seed": 2739226631
    },
    {
      "set": "test",
      "participant": 122,
      "oci": 0.3,
      "model": "group",
      "n_params": 8,
      "nll": 129.79381869739245,
      "bic": 301.9741763271692,
      "seed": 1296928983
    },
    {
      "set": "test",
      "participant": 123,
      "oci": 0.05,
      "model": "group",
      "n_params": 8,
      "nll": 168.4864245339694,
      "bic": 379.35938800032307,
      "seed": 674702379
    },
    {
      "set": "test",
      "participant": 124,
      "oci": 0.5,
      "model": "group",
      "n_params": 8,
      "nll": 150.8292079608679,
      "bic": 344.0449548541201,
      "seed": 697055587
    },
    {
      "set": "test",
      "participant": 125,
      "oci": 0.7,
      "model": "group",
      "n_params": 8,
      "nll": 268.3747412649693,
      "bic": 579.1360214623229,
      "seed": 3977636912
    },
    {
      "set": "test",
      "participant": 126,
      "oci": 0.2333333333333333,
      "model": "group",
      "n_params": 8,
      "nll": 74.40286436856672,
      "bic": 191.19226766951775,
      "seed": 3196180509
    },
    {
      "set": "test",
      "participant": 127,
      "oci": 0.35,
      "model": "group",
      "n_params": 8,
      "nll": 148.90523220126914,
      "bic": 340.19700333492256,
      "seed": 1043346345
    },
    {
      "set": "test",
      "participant": 128,
      "oci": 0.15,
      "model": "group",
      "n_params": 8,
      "nll": 65.61305781439698,
      "bic": 173.61265456117826,
      "seed": 1277849740
    },
    {
      "set": "test",
      "participant": 129,
      "oci": 0.1166666666666666,
      "model": "group",
      "n_params": 8,
      "nll": 202.05626582628605,
      "bic": 446.49907058495637,
      "seed": 1418627403
    },
    {
      "set": "test",
      "participant": 130,
      "oci": 0.0666666666666666,
      "model": "group",
      "n_params": 8,
      "nll": 72.1858998685532,
      "bic": 186.75833866949068,
      "seed": 841618380
    },
    {
      "set": "test",
      "participant": 131,
      "oci": 0.1833333333333333,
      "model": "group",
      "n_params": 8,
      "nll": 137.07178476410917,
      "bic": 316.5301084606026,
      "seed": 2217897745
    },
    {
      "set": "test",
      "participant": 132,
      "oci": 0.05,
      "model": "group",
      "n_params": 8,
      "nll": 160.21569985465788,
      "bic": 362.81793864170004,
      "seed": 722964451
    },
    {
      "set": "test",
      "participant": 133,
      "oci": 0.0666666666666666,
      "model": "group",
      "n_params": 8,
      "nll": 137.78271967613477,
      "bic": 317.9519782846538,
      "seed": 3654917811
    },
    {
      "set": "test",
      "participant": 134,
      "oci": 0.1,
      "model": "group",
      "n_params": 8,
      "nll": 161.30427334976758,
      "bic": 364.99508563191944,
      "seed": 964229013
    },
    {
      "set": "test",
      "participant": 135,
      "oci": 0.2166666666666666,
      "model": "group",
      "n_params": 8,
      "nll": 176.71832766049624,
      "bic": 395.82319425337676,
      "seed": 2342661998
    },
    {
      "set": "test",
      "participant": 136,
      "oci": 0.2666666666666666,
      "model": "group",
      "n_params": 8,
      "nll": 128.2109269580004,
      "bic": 298.8083928483851,
      "seed": 3179659392
    },
    {
      "set": "test",
      "participant": 137,
      "oci": 0.45,
      "model": "group",
      "n_params": 8,
      "nll": 258.6324768823743,
      "bic": 559.6514926971329,
      "seed": 3718749627
    },
    {
      "set": "test",
      "participant": 138,
      "oci": 0.35,
      "model": "group",
      "n_params": 8,
      "nll": 78.87113621773733,
      "bic": 200.12881136785896,
      "seed": 2805852893
    },
    {
      "set": "test",
      "participant": 139,
      "oci": 0.1333333333333333,
      "model": "group",
      "n_params": 8,
      "nll": 132.9785010767815,
      "bic": 308.34354108594727,
      "seed": 2947174093
    },
    {
      "set": "test",
      "participant": 140,
      "oci": 0.2833333333333333,
      "model": "group",
      "n_params": 8,
      "nll": 151.4328942324846,
      "bic": 345.2523273973535,
      "seed": 4025990080
    },
    {
      "set": "test",
      "participant": 141,
      "oci": 0.1166666666666666,
      "model": "group",
      "n_params": 8,
      "nll": 186.26977097972497,
      "bic": 414.9260808918342,
      "seed": 2181038569
    },
    {
      "set": "test",
      "participant": 142,
      "oci": 0.2333333333333333,
      "model": "group",
      "n_params": 8,
      "nll": 106.41206682218598,
      "bic": 255.21067257675625,
      "seed": 2206092282
    },
    {
      "set": "test",
      "participant": 143,
      "oci": 0.0666666666666666,
      "model": "group",
      "n_params": 8,
      "nll": 122.19795181282605,
      "bic": 286.7824425580364,
      "seed": 1617994168
    },
    {
      "set": "test",
      "participant": 144,
      "oci": 0.3,
      "model": "group",
      "n_params": 8,
      "nll": 126.7513186802581,
      "bic": 295.88917629290046,
      "seed": 2462080037
    },
    {
      "set": "test",
      "participant": 145,
      "oci": 0.3,
      "model": "group",
      "n_params": 8,
      "nll": 116.24346550593594,
      "bic": 274.87346994425616,
      "seed": 923981882
    },
    {
      "set": "test",
      "participant": 146,
      "oci": 0.3666666666666666,
      "model": "group",
      "n_params": 8,
      "nll": 162.6285889897752,
      "bic": 367.6437169119347,
      "seed": 2178630214
    },
    {
      "set": "test",
      "participant": 147,
      "oci": 0.3,
      "model": "group",
      "n_params": 8,
      "nll": 153.26907620387917,
      "bic": 348.9246913401426,
      "seed": 1458011762
    },
    {
      "set": "test",
      "participant": 148,
      "oci": 0.3166666666666666,
      "model": "group",
      "n_params": 8,
      "nll": 135.32439870011723,
      "bic": 313.0353363326187,
      "seed": 941241664
    },
    {
      "set": "test",
      "participant": 149,
      "oci": 0.35,
      "model": "group",
      "n_params": 8,
      "nll": 140.39884162137176,
      "bic": 323.1842221751278,
      "seed": 2888243147
    },
    {
      "set": "test",
      "participant": 100,
      "oci": 0.1333333333333333,
      "model": "hybrid",
      "n_params": 7,
      "nll": 170.7812029206995,
      "bic": 378.6506274072353,
      "seed": 997036386
    },
    {
      "set": "test",
      "participant": 101,
      "oci": 0.3333333333333333,
      "model": "hybrid",
      "n_params": 7,
      "nll": 189.72454900205943,
      "bic": 416.5373195699551,
      "seed": 2155896930
    },
    {
      "set": "test",
      "participant": 102,
      "oci": 0.1166666666666666,
      "model": "hybrid",
      "n_params": 7,
      "nll": 113.52915606709789,
      "bic": 264.146533700032,
      "seed": 4213614484
    },
    {
      "set": "test",
      "participant": 103,
      "oci": 0.6333333333333333,
      "model": "hybrid",
      "n_params": 7,
      "nll": 134.527184951743,
      "bic": 306.14259146932227,
      "seed": 1629454216
    },
    {
      "set": "test",
      "participant": 104,
      "oci": 0.1666666666666666,
      "model": "hybrid",
      "n_params": 7,
      "nll": 145.0884849351402,
      "bic": 327.26519143611665,
      "seed": 2297696953
    },
    {
      "set": "test",
      "participant": 105,
      "oci": 0.1333333333333333,
      "model": "hybrid",
      "n_params": 7,
      "nll": 270.3785908831547,
      "bic": 577.8454033321457,
      "seed": 1881646493
    },
    {
      "set": "test",
      "participant": 106,
      "oci": 0.3166666666666666,
      "model": "hybrid",
      "n_params": 7,
      "nll": 148.9185360008432,
      "bic": 334.92529356752266,
      "seed": 391699144
    },
    {
      "set": "test",
      "participant": 107,
      "oci": 0.1666666666666666,
      "model": "hybrid",
      "n_params": 7,
      "nll": 184.60941227213465,
      "bic": 406.30704611010555,
      "seed": 577385732
    },
    {
      "set": "test",
      "participant": 108,
      "oci": 0.2833333333333333,
      "model": "hybrid",
      "n_params": 7,
      "nll": 269.4575806131044,
      "bic": 576.0033827920452,
      "seed": 3790473575
    },
    {
      "set": "test",
      "participant": 109,
      "oci": 0.8666666666666667,
      "model": "hybrid",
      "n_params": 7,
      "nll": 202.00150850819153,
      "bic": 441.0912385822193,
      "seed": 1893246362
    },
    {
      "set": "test",
      "participant": 110,
      "oci": 0.2,
      "model": "hybrid",
      "n_params": 7,
      "nll": 221.70237365617388,
      "bic": 480.492968878184,
      "seed": 2180282086
    },
    {
      "set": "test",
      "participant": 111,
      "oci": 0.6,
      "model": "hybrid",
      "n_params": 7,
      "nll": 208.56309337392818,
      "bic": 454.2144083136926,
      "seed": 4117644626
    },
    {
      "set": "test",
      "participant": 112,
      "oci": 0.2166666666666666,
      "model": "hybrid",
      "n_params": 7,
      "nll": 203.8958938482118,
      "bic": 444.8800092622599,
      "seed": 3133609278
    },
    {
      "set": "test",
      "participant": 113,
      "oci": 0.5333333333333333,
      "model": "hybrid",
      "n_params": 7,
      "nll": 121.46332445450389,
      "bic": 280.01487047484403,
      "seed": 3615267773
    },
    {
      "set": "test",
      "participant": 114,
      "oci": 0.15,
      "model": "hybrid",
      "n_params": 7,
      "nll": 161.22878401745228,
      "bic": 359.5457896007408,
      "seed": 2787220670
    },
    {
      "set": "test",
      "participant": 115,
      "oci": 0.2166666666666666,
      "model": "hybrid",
      "n_params": 7,
      "nll": 145.03311667181424,
      "bic": 327.15445490946473,
      "seed": 2770498720
    },
    {
      "set": "test",
      "participant": 116,
      "oci": 0.3833333333333333,
      "model": "hybrid",
      "n_params": 7,
      "nll": 203.37517514321473,
      "bic": 443.8385718522657,
      "seed": 3788296207
    },
    {
      "set": "test",
      "participant": 117,
      "oci": 0.5666666666666667,
      "model": "hybrid",
      "n_params": 7,
      "nll": 196.9019310350944,
      "bic": 430.89208363602506,
      "seed": 2959962343
    },
    {
      "set": "test",
      "participant": 118,
      "oci": 0.15,
      "model": "hybrid",
      "n_params": 7,
      "nll": 226.21855467778857,
      "bic": 489.5253309214134,
      "seed": 898830921
    },
    {
      "set": "test",
      "participant": 119,
      "oci": 0.35,
      "model": "hybrid",
      "n_params": 7,
      "nll": 148.7534891162464,
      "bic": 334.5951997983291,
      "seed": 3331626342
    },
    {
      "set": "test",
      "participant": 120,
      "oci": 0.0833333333333333,
      "model": "hybrid",
      "n_params": 7,
      "nll": 224.95671061178604,
      "bic": 487.0016427894083,
      "seed": 1530112427
    },
    {
      "set": "test",
      "participant": 121,
      "oci": 0.25,
      "model": "hybrid",
      "n_params": 7,
      "nll": 172.85329289186186,
      "bic": 382.79480734955996,
      "seed": 994687655
    },
    {
      "set": "test",
      "participant": 122,
      "oci": 0.3,
      "model": "hybrid",
      "n_params": 7,
      "nll": 129.78315092477112,
      "bic": 296.6545234153785,
      "seed": 2966897073
    },
    {
      "set": "test",
      "participant": 123,
      "oci": 0.05,
      "model": "hybrid",
      "n_params": 7,
      "nll": 176.85640118659407,
      "bic": 390.8010239390244,
      "seed": 3684085203
    },
    {
      "set": "test",
      "participant": 124,
      "oci": 0.5,
      "model": "hybrid",
      "n_params": 7,
      "nll": 177.3234833401185,
      "bic": 391.7351882460733,
      "seed": 3219986573
    },
    {
      "set": "test",
      "participant": 125,
      "oci": 0.7,
      "model": "hybrid",
      "n_params": 7,
      "nll": 268.1114956038365,
      "bic": 573.3112127735093,
      "seed": 1909628343
    },
    {
      "set": "test",
      "participant": 126,
      "oci": 0.2333333333333333,
      "model": "hybrid",
      "n_params": 7,
      "nll": 101.79956467652201,
      "bic": 240.68735091888027,
      "seed": 2916933398
    },
    {
      "set": "test",
      "participant": 127,
      "oci": 0.35,
      "model": "hybrid",
      "n_params": 7,
      "nll": 158.29190778056662,
      "bic": 353.6720371269695,
      "seed": 2242752226
    },
    {
      "set": "test",
      "participant": 128,
      "oci": 0.15,
      "model": "hybrid",
      "n_params": 7,
      "nll": 75.75627165732729,
      "bic": 188.60076488049083,
      "seed": 2516328147
    },
    {
      "set": "test",
      "participant": 129,
      "oci": 0.1166666666666666,
      "model": "hybrid",
      "n_params": 7,
      "nll": 192.9673670196383,
      "bic": 423.0229556051128,
      "seed": 3481868916
    },
    {
      "set": "test",
      "participant": 130,
      "oci": 0.0666666666666666,
      "model": "hybrid",
      "n_params": 7,
      "nll": 77.60553565998799,
      "bic": 192.29929288581224,
      "seed": 3828631134
    },
    {
      "set": "test",
      "participant": 131,
      "oci": 0.1833333333333333,
      "model": "hybrid",
      "n_params": 7,
      "nll": 155.64795135175615,
      "bic": 348.38412426934855,
      "seed": 3814153158
    },
    {
      "set": "test",
      "participant": 132,
      "oci": 0.05,
      "model": "hybrid",
      "n_params": 7,
      "nll": 174.08576180111947,
      "bic": 385.2597451680752,
      "seed": 2931078990
    },
    {
      "set": "test",
      "participant": 133,
      "oci": 0.0666666666666666,
      "model": "hybrid",
      "n_params": 7,
      "nll": 141.02793015035985,
      "bic": 319.14408186655595,
      "seed": 2979385672
    },
    {
      "set": "test",
      "participant": 134,
      "oci": 0.1,
      "model": "hybrid",
      "n_params": 7,
      "nll": 179.63265043982793,
      "bic": 396.3535224454921,
      "seed": 329137219
    },
    {
      "set": "test",
      "participant": 135,
      "oci": 0.2166666666666666,
      "model": "hybrid",
      "n_params": 7,
      "nll": 189.63199114640466,
      "bic": 416.35220385864557,
      "seed": 2375057181
    },
    {
      "set": "test",
      "participant": 136,
      "oci": 0.2666666666666666,
      "model": "hybrid",
      "n_params": 7,
      "nll": 143.98259660747698,
      "bic": 325.0534147807902,
      "seed": 2587317849
    },
    {
      "set": "test",
      "participant": 137,
      "oci": 0.45,
      "model": "hybrid",
      "n_params": 7,
      "nll": 243.77391279580982,
      "bic": 524.6360471574559,
      "seed": 3028595145
    },
    {
      "set": "test",
      "participant": 138,
      "oci": 0.35,
      "model": "hybrid",
      "n_params": 7,
      "nll": 83.2621102676045,
      "bic": 203.61244210104525,
      "seed": 2790667035
    },
    {
      "set": "test",
      "participant": 139,
      "oci": 0.1333333333333333,
      "model": "hybrid",
      "n_params": 7,
      "nll": 144.96866896285098,
      "bic": 327.0255594915382,
      "seed": 3316256004
    },
    {
      "set": "test",
      "participant": 140,
      "oci": 0.2833333333333333,
      "model": "hybrid",
      "n_params": 7,
      "nll": 139.21077464626262,
      "bic": 315.5097708583615,
      "seed": 3638099413
    },
    {
      "set": "test",
      "participant": 141,
      "oci": 0.1166666666666666,
      "model": "hybrid",
      "n_params": 7,
      "nll": 183.85439962861045,
      "bic": 404.79702082305715,
      "seed": 1193249561
    },
    {
      "set": "test",
      "participant": 142,
      "oci": 0.2333333333333333,
      "model": "hybrid",
      "n_params": 7,
      "nll": 102.38327124436098,
      "bic": 241.85476405455822,
      "seed": 1960857925
    },
    {
      "set": "test",
      "participant": 143,
      "oci": 0.0666666666666666,
      "model": "hybrid",
      "n_params": 7,
      "nll": 139.47878533617074,
      "bic": 316.04579223817774,
      "seed": 3291657993
    },
    {
      "set": "test",
      "participant": 144,
      "oci": 0.3,
      "model": "hybrid",
      "n_params": 7,
      "nll": 145.32646918580423,
      "bic": 327.7411599374447,
      "seed": 1348994832
    },
    {
      "set": "test",
      "participant": 145,
      "oci": 0.3,
      "model": "hybrid",
      "n_params": 7,
      "nll": 115.06166397169977,
      "bic": 267.2115495092358,
      "seed": 3579937890
    },
    {
      "set": "test",
      "participant": 146,
      "oci": 0.3666666666666666,
      "model": "hybrid",
      "n_params": 7,
      "nll": 174.29844733018714,
      "bic": 385.68511622621054,
      "seed": 4218436150
    },
    {
      "set": "test",
      "participant": 147,
      "oci": 0.3,
      "model": "hybrid",
      "n_params": 7,
      "nll": 179.30938201919795,
      "bic": 395.70698560423216,
      "seed": 3590490575
    },
    {
      "set": "test",
      "participant": 148,
      "oci": 0.3166666666666666,
      "model": "hybrid",
      "n_params": 7,
      "nll": 149.73356685598733,
      "bic": 336.5553552778109,
      "seed": 2415152583
    },
    {
      "set": "test",
      "participant": 149,
      "oci": 0.35,
      "model": "hybrid",
      "n_params": 7,
      "nll": 151.2889391277809,
      "bic": 339.66609982139806,
      "seed": 1567613109
    },
    {
      "set": "test",
      "participant": 100,
      "oci": 0.1333333333333333,
      "model": "individual",
      "n_params": 8,
      "nll": 133.1530947510596,
      "bic": 308.69272843450346,
      "seed": 1244240203
    },
    {
      "set": "test",
      "participant": 101,
      "oci": 0.3333333333333333,
      "model": "individual",
      "n_params": 8,
      "nll": 144.21972714074107,
      "bic": 330.8259932138664,
      "seed": 1997327947
    },
    {
      "set": "test",
      "participant": 102,
      "oci": 0.1166666666666666,
      "model": "individual",
      "n_params": 5,
      "nll": 114.16287476708334,
      "bic": 254.81733636690686,
      "seed": 3574943422
    },
    {
      "set": "test",
      "participant": 103,
      "oci": 0.6333333333333333,
      "model": "individual",
      "n_params": 7,
      "nll": 118.03387392186164,
      "bic": 273.15596940955953,
      "seed": 3574416620
    },
    {
      "set": "test",
      "participant": 104,
      "oci": 0.1666666666666666,
      "model": "individual",
      "n_params": 8,
      "nll": 133.91837143637218,
      "bic": 310.22328180512864,
      "seed": 1793583880
    },
    {
      "set": "test",
      "participant": 105,
      "oci": 0.1333333333333333,
      "model": "individual",
      "n_params": 4,
      "nll": 273.0999890612184,
      "bic": 567.393247588629,
      "seed": 3391086351
    },
    {
      "set": "test",
      "participant": 106,
      "oci": 0.3166666666666666,
      "model": "individual",
      "n_params": 8,
      "nll": 117.40983515053068,
      "bic": 277.20620923344563,
      "seed": 3251277403
    },
    {
      "set": "test",
      "participant": 107,
      "oci": 0.1666666666666666,
      "model": "individual",
      "n_params": 8,
      "nll": 169.62655059299635,
      "bic": 381.639640118377,
      "seed": 471238872
    },
    {
      "set": "test",
      "participant": 108,
      "oci": 0.2833333333333333,
      "model": "individual",
      "n_params": 7,
      "nll": 262.6059664571294,
      "bic": 562.3001544800951,
      "seed": 120892410
    },
    {
      "set": "test",
      "participant": 109,
      "oci": 0.8666666666666667,
      "model": "individual",
      "n_params": 8,
      "nll": 182.60936543314133,
      "bic": 407.60526979866694,
      "seed": 3361903255
    },
    {
      "set": "test",
      "participant": 110,
      "oci": 0.2,
      "model": "individual",
      "n_params": 7,
      "nll": 207.93225807657296,
      "bic": 452.9527377189822,
      "seed": 1690333460
    },
    {
      "set": "test",
      "participant": 111,
      "oci": 0.6,
      "model": "individual",
      "n_params": 8,
      "nll": 197.60521225938572,
      "bic": 437.5969634511557,
      "seed": 639683254
    },
    {
      "set": "test",
      "participant": 112,
      "oci": 0.2166666666666666,
      "model": "individual",
      "n_params": 7,
      "nll": 190.13667300474486,
      "bic": 417.361567575326,
      "seed": 2822495794
    },
    {
      "set": "test",
      "participant": 113,
      "oci": 0.5333333333333333,
      "model": "individual",
      "n_params": 8,
      "nll": 98.93957322040855,
      "bic": 240.2656853732014,
      "seed": 697997251
    },
    {
      "set": "test",
      "participant": 114,
      "oci": 0.15,
      "model": "individual",
      "n_params": 7,
      "nll": 143.78137281609185,
      "bic": 324.65096719801994,
      "seed": 2689793087
    },
    {
      "set": "test",
      "participant": 115,
      "oci": 0.2166666666666666,
      "model": "individual",
      "n_params": 7,
      "nll": 138.67108104451324,
      "bic": 314.43038365486274,
      "seed": 3581485474
    },
    {
      "set": "test",
      "participant": 116,
      "oci": 0.3833333333333333,
      "model": "individual",
      "n_params": 8,
      "nll": 183.4926722044736,
      "bic": 409.37188334133145,
      "seed": 902412083
    },
    {
      "set": "test",
      "participant": 117,
      "oci": 0.5666666666666667,
      "model": "individual",
      "n_params": 8,
      "nll": 185.37321960129225,
      "bic": 413.13297813496877,
      "seed": 1806560992
    },
    {
      "set": "test",
      "participant": 118,
      "oci": 0.15,
      "model": "individual",
      "n_params": 5,
      "nll": 223.5463764801002,
      "bic": 473.58433979294057,
      "seed": 3214455735
    },
    {
      "set": "test",
      "participant": 119,
      "oci": 0.35,
      "model": "individual",
      "n_params": 7,
      "nll": 133.9833300934647,
      "bic": 305.05488175276565,
      "seed": 2459170390
    },
    {
      "set": "test",
      "participant": 120,
      "oci": 0.0833333333333333,
      "model": "individual",
      "n_params": 7,
      "nll": 221.79288187652776,
      "bic": 480.67398531889177,
      "seed": 3098847052
    },
    {
      "set": "test",
      "participant": 121,
      "oci": 0.25,
      "model": "individual",
      "n_params": 7,
      "nll": 133.43827474829675,
      "bic": 303.96477106242975,
      "seed": 1468542044
    },
    {
      "set": "test",
      "participant": 122,
      "oci": 0.3,
      "model": "individual",
      "n_params": 6,
      "nll": 120.15181118512245,
      "bic": 272.09352656953314,
      "seed": 3214790655
    },
    {
      "set": "test",
      "participant": 123,
      "oci": 0.05,
      "model": "individual",
      "n_params": 8,
      "nll": 169.11456608144474,
      "bic": 380.61567109527374,
      "seed": 1548670237
    },
    {
      "set": "test",
      "participant": 124,
      "oci": 0.5,
      "model": "individual",
      "n_params": 8,
      "nll": 143.34332322537747,
      "bic": 329.0731853831392,
      "seed": 4115511657
    },
    {
      "set": "test",
      "participant": 125,
      "oci": 0.7,
      "model": "individual",
      "n_params": 7,
      "nll": 264.5918119965423,
      "bic": 566.2718455589209,
      "seed": 2148673183
    },
    {
      "set": "test",
      "participant": 126,
      "oci": 0.2333333333333333,
      "model": "individual",
      "n_params": 7,
      "nll": 75.37184095298909,
      "bic": 187.83190347181443,
      "seed": 2816280995
    },
    {
      "set": "test",
      "participant": 127,
      "oci": 0.35,
      "model": "individual",
      "n_params": 8,
      "nll": 141.4820608839658,
      "bic": 325.35066070031587,
      "seed": 272552624
    },
    {
      "set": "test",
      "participant": 128,
      "oci": 0.15,
      "model": "individual",
      "n_params": 7,
      "nll": 39.1491233737784,
      "bic": 115.38646831339307,
      "seed": 2760347535
    },
    {
      "set": "test",
      "participant": 129,
      "oci": 0.1166666666666666,
      "model": "individual",
      "n_params": 7,
      "nll": 193.90240291716998,
      "bic": 424.8930274001762,
      "seed": 1623324581
    },
    {
      "set": "test",
      "participant": 130,
      "oci": 0.0666666666666666,
      "model": "individual",
      "n_params": 7,
      "nll": 69.10896320499292,
      "bic": 175.30614797582209,
      "seed": 2535720830
    },
    {
      "set": "test",
      "participant": 131,
      "oci": 0.1833333333333333,
      "model": "individual",
      "n_params": 7,
      "nll": 139.45538898161112,
      "bic": 315.9989995290585,
      "seed": 182916455
    },
    {
      "set": "test",
      "participant": 132,
      "oci": 0.05,
      "model": "individual",
      "n_params": 8,
      "nll": 151.36178587973046,
      "bic": 345.1101106918452,
      "seed": 3188426393
    },
    {
      "set": "test",
      "participant": 133,
      "oci": 0.0666666666666666,
      "model": "individual",
      "n_params": 5,
      "nll": 140.70203967415983,
      "bic": 307.8956661810598,
      "seed": 3850673628
    },
    {
      "set": "test",
      "participant": 134,
      "oci": 0.1,
      "model": "individual",
      "n_params": 8,
      "nll": 157.53685312416528,
      "bic": 357.4602451807148,
      "seed": 3326840524
    },
    {
      "set": "test",
      "participant": 135,
      "oci": 0.2166666666666666,
      "model": "individual",
      "n_params": 8,
      "nll": 162.4888572480213,
      "bic": 367.3642534284269,
      "seed": 2766297681
    },
    {
      "set": "test",
      "participant": 136,
      "oci": 0.2666666666666666,
      "model": "individual",
      "n_params": 6,
      "nll": 124.88167494319329,
      "bic": 281.5532540856748,
      "seed": 480837560
    },
    {
      "set": "test",
      "participant": 137,
      "oci": 0.45,
      "model": "individual",
      "n_params": 7,
      "nll": 236.210249769433,
      "bic": 509.50872110470226,
      "seed": 1276600137
    },
    {
      "set": "test",
      "participant": 138,
      "oci": 0.35,
      "model": "individual",
      "n_params": 6,
      "nll": 81.6844683981781,
      "bic": 195.15884099564443,
      "seed": 1652903864
    },
    {
      "set": "test",
      "participant": 139,
      "oci": 0.1333333333333333,
      "model": "individual",
      "n_params": 6,
      "nll": 133.92961918856616,
      "bic": 299.64914257642056,
      "seed": 3378163800
    },
    {
      "set": "test",
      "participant": 140,
      "oci": 0.2833333333333333,
      "model": "individual",
      "n_params": 8,
      "nll": 128.21159292967985,
      "bic": 298.809724791744,
      "seed": 646582481
    },
    {
      "set": "test",
      "participant": 141,
      "oci": 0.1166666666666666,
      "model": "individual",
      "n_params": 8,
      "nll": 167.67978937314138,
      "bic": 377.746117678667,
      "seed": 2236342303
    },
    {
      "set": "test",
      "participant": 142,
      "oci": 0.2333333333333333,
      "model": "individual",
      "n_params": 8,
      "nll": 89.52022633262207,
      "bic": 221.42699159762844,
      "seed": 3980620041
    },
    {
      "set": "test",
      "participant": 143,
      "oci": 0.0666666666666666,
      "model": "individual",
      "n_params": 8,
      "nll": 115.49373353593867,
      "bic": 273.3740060042616,
      "seed": 4006841031
    },
    {
      "set": "test",
      "participant": 144,
      "oci": 0.3,
      "model": "individual",
      "n_params": 7,
      "nll": 121.91167125567821,
      "bic": 280.9115640771927,
      "seed": 759106140
    },
    {
      "set": "test",
      "participant": 145,
      "oci": 0.3,
      "model": "individual",
      "n_params": 7,
      "nll": 111.33644747529328,
      "bic": 259.7611165164228,
      "seed": 85194493
    },
    {
      "set": "test",
      "participant": 146,
      "oci": 0.3666666666666666,
      "model": "individual",
      "n_params": 7,
      "nll": 151.16218718263565,
      "bic": 339.41259593110755,
      "seed": 3024155453
    },
    {
      "set": "test",
      "participant": 147,
      "oci": 0.3,
      "model": "individual",
      "n_params": 6,
      "nll": 154.1722150607936,
      "bic": 340.13433432087544,
      "seed": 2123523878
    },
    {
      "set": "test",
      "participant": 148,
      "oci": 0.3166666666666666,
      "model": "individual",
      "n_params": 8,
      "nll": 133.65435890674036,
      "bic": 309.695256745865,
      "seed": 2728893890
    },
    {
      "set": "test",
      "participant": 149,
      "oci": 0.35,
      "model": "individual",
      "n_params": 7,
      "nll": 137.31907854469148,
      "bic": 311.7263786552192,
      "seed": 353116735
    }
  ]
}